<?xml version="1.0" encoding="UTF-8"?>
<testsuite name="com.memorynotfound.spring.security.test.HomeControllerApplicationTests" time="0.006" tests="1" errors="1" skipped="0" failures="0">
  <properties>
[...]
</properties>
  <testcase name="initializationError" classname="com.memorynotfound.spring.security.test.HomeControllerApplicationTests" time="0.006">
    <error message="Unable to find a @SpringBootConfiguration, you need to use @ContextConfiguration or @SpringBootTest(classes=...) with your test" type="java.lang.IllegalStateException"><![CDATA[java.lang.IllegalStateException: Unable to find a @SpringBootConfiguration, you need to use @ContextConfiguration or @SpringBootTest(classes=...) with your test
	at org.springframework.util.Assert.state(Assert.java:70)
	at org.springframework.boot.test.context.SpringBootTestContextBootstrapper.getOrFindConfigurationClasses(SpringBootTestContextBootstrapper.java:202)
	at org.springframework.boot.test.context.SpringBootTestContextBootstrapper.processMergedContextConfiguration(SpringBootTestContextBootstrapper.java:137)
	at org.springframework.test.context.support.AbstractTestContextBootstrapper.buildMergedContextConfiguration(AbstractTestContextBootstrapper.java:409)
	at org.springframework.test.context.support.AbstractTestContextBootstrapper.buildDefaultMergedContextConfiguration(AbstractTestContextBootstrapper.java:323)
	at org.springframework.test.context.support.AbstractTestContextBootstrapper.buildMergedContextConfiguration(AbstractTestContextBootstrapper.java:277)
	at org.springframework.test.context.support.AbstractTestContextBootstrapper.buildTestContext(AbstractTestContextBootstrapper.java:112)
	at org.springframework.boot.test.context.SpringBootTestContextBootstrapper.buildTestContext(SpringBootTestContextBootstrapper.java:82)
	at org.springframework.test.context.TestContextManager.<init>(TestContextManager.java:120)
	at org.springframework.test.context.TestContextManager.<init>(TestContextManager.java:105)
	at org.springframework.test.context.junit4.SpringJUnit4ClassRunner.createTestContextManager(SpringJUnit4ClassRunner.java:152)
	at org.springframework.test.context.junit4.SpringJUnit4ClassRunner.<init>(SpringJUnit4ClassRunner.java:143)
	at sun.reflect.NativeConstructorAccessorImpl.newInstance0(Native Method)
	at sun.reflect.NativeConstructorAccessorImpl.newInstance(NativeConstructorAccessorImpl.java:62)
	at sun.reflect.DelegatingConstructorAccessorImpl.newInstance(DelegatingConstructorAccessorImpl.java:45)
	at java.lang.reflect.Constructor.newInstance(Constructor.java:423)
	at org.junit.internal.builders.AnnotatedBuilder.buildRunner(AnnotatedBuilder.java:104)
	at org.junit.internal.builders.AnnotatedBuilder.runnerForClass(AnnotatedBuilder.java:86)
	at org.junit.runners.model.RunnerBuilder.safeRunnerForClass(RunnerBuilder.java:59)
	at org.junit.internal.builders.AllDefaultPossibilitiesBuilder.runnerForClass(AllDefaultPossibilitiesBuilder.java:26)
	at org.junit.runners.model.RunnerBuilder.safeRunnerForClass(RunnerBuilder.java:59)
	at org.junit.internal.requests.ClassRequest.getRunner(ClassRequest.java:33)
	at org.apache.maven.surefire.junit4.JUnit4Provider.execute(JUnit4Provider.java:283)
	at org.apache.maven.surefire.junit4.JUnit4Provider.executeWithRerun(JUnit4Provider.java:173)
	at org.apache.maven.surefire.junit4.JUnit4Provider.executeTestSet(JUnit4Provider.java:153)
	at org.apache.maven.surefire.junit4.JUnit4Provider.invoke(JUnit4Provider.java:128)
	at org.apache.maven.surefire.booter.ForkedBooter.invokeProviderInSameClassLoader(ForkedBooter.java:203)
	at org.apache.maven.surefire.booter.ForkedBooter.runSuitesInProcess(ForkedBooter.java:155)
	at org.apache.maven.surefire.booter.ForkedBooter.main(ForkedBooter.java:103)
]]></error>
    <system-out><![CDATA[15:58:24.509 [main] DEBUG org.springframework.test.context.junit4.SpringJUnit4ClassRunner - SpringJUnit4ClassRunner constructor called with [class com.memorynotfound.spring.security.test.HomeControllerApplicationTests]
15:58:24.515 [main] DEBUG org.springframework.test.context.BootstrapUtils - Instantiating CacheAwareContextLoaderDelegate from class [org.springframework.test.context.cache.DefaultCacheAwareContextLoaderDelegate]
15:58:24.528 [main] DEBUG org.springframework.test.context.BootstrapUtils - Instantiating BootstrapContext using constructor [public org.springframework.test.context.support.DefaultBootstrapContext(java.lang.Class,org.springframework.test.context.CacheAwareContextLoaderDelegate)]
15:58:24.552 [main] DEBUG org.springframework.test.context.BootstrapUtils - Instantiating TestContextBootstrapper for test class [com.memorynotfound.spring.security.test.HomeControllerApplicationTests] from class [org.springframework.boot.test.context.SpringBootTestContextBootstrapper]
15:58:24.565 [main] INFO org.springframework.boot.test.context.SpringBootTestContextBootstrapper - Neither @ContextConfiguration nor @ContextHierarchy found for test class [com.memorynotfound.spring.security.test.HomeControllerApplicationTests], using SpringBootContextLoader
15:58:24.569 [main] DEBUG org.springframework.test.context.support.AbstractContextLoader - Did not detect default resource location for test class [com.memorynotfound.spring.security.test.HomeControllerApplicationTests]: class path resource [com/memorynotfound/spring/security/test/HomeControllerApplicationTests-context.xml] does not exist
15:58:24.570 [main] DEBUG org.springframework.test.context.support.AbstractContextLoader - Did not detect default resource location for test class [com.memorynotfound.spring.security.test.HomeControllerApplicationTests]: class path resource [com/memorynotfound/spring/security/test/HomeControllerApplicationTestsContext.groovy] does not exist
15:58:24.570 [main] INFO org.springframework.test.context.support.AbstractContextLoader - Could not detect default resource locations for test class [com.memorynotfound.spring.security.test.HomeControllerApplicationTests]: no resource found for suffixes {-context.xml, Context.groovy}.
15:58:24.571 [main] INFO org.springframework.test.context.support.AnnotationConfigContextLoaderUtils - Could not detect default configuration classes for test class [com.memorynotfound.spring.security.test.HomeControllerApplicationTests]: HomeControllerApplicationTests does not declare any static, non-private, non-final, nested classes annotated with @Configuration.
15:58:24.649 [main] DEBUG org.springframework.test.context.support.ActiveProfilesUtils - Could not find an 'annotation declaring class' for annotation type [org.springframework.test.context.ActiveProfiles] and class [com.memorynotfound.spring.security.test.HomeControllerApplicationTests]
15:58:24.660 [main] DEBUG org.springframework.core.env.StandardEnvironment - Adding PropertySource 'systemProperties' with lowest search precedence
15:58:24.660 [main] DEBUG org.springframework.core.env.StandardEnvironment - Adding PropertySource 'systemEnvironment' with lowest search precedence
15:58:24.661 [main] DEBUG org.springframework.core.env.StandardEnvironment - Initialized StandardEnvironment with PropertySources [MapPropertySource@1391942103 {name='systemProperties', properties={java.runtime.name=Java(TM) SE Runtime Environment, sun.boot.library.path=C:\Program Files\Java\jdk1.8.0_101\jre\bin, java.vm.version=25.101-b13, java.vm.vendor=Oracle Corporation, java.vendor.url=http://java.oracle.com/, path.separator=;, java.vm.name=Java HotSpot(TM) 64-Bit Server VM, file.encoding.pkg=sun.io, user.country=US, user.script=, sun.java.launcher=SUN_STANDARD, sun.os.patch.level=Service Pack 1, java.vm.specification.name=Java Virtual Machine Specification, user.dir=D:\dev\Spring Projects\Tim Buchlka\bookstore1, java.runtime.version=1.8.0_101-b13, basedir=D:\dev\Spring Projects\Tim Buchlka\bookstore1, java.awt.graphicsenv=sun.awt.Win32GraphicsEnvironment, java.endorsed.dirs=C:\Program Files\Java\jdk1.8.0_101\jre\lib\endorsed, os.arch=amd64, surefire.real.class.path=D:\dev\Spring Projects\Tim Buchlka\bookstore1\target\surefire\surefirebooter2502491533568898903.jar, java.io.tmpdir=C:\Users\OLEKSA~1.KYD\AppData\Local\Temp\, line.separator=
, java.vm.specification.vendor=Oracle Corporation, user.variant=, os.name=Windows 7, sun.jnu.encoding=Cp1252, java.library.path=C:\Program Files\Java\jdk1.8.0_101\jre\bin;C:\Windows\Sun\Java\bin;C:\Windows\system32;C:\Windows;C:/Program Files/Java/jre1.8.0_101/bin/server;C:/Program Files/Java/jre1.8.0_101/bin;C:/Program Files/Java/jre1.8.0_101/lib/amd64;C:\ProgramData\Oracle\Java\javapath;C:\Program Files (x86)\Intel\iCLS Client\;C:\Program Files\Intel\iCLS Client\;C:\Windows\system32;C:\Windows;C:\Windows\System32\Wbem;C:\Windows\System32\WindowsPowerShell\v1.0\;C:\Program Files (x86)\Intel\Intel(R) Management Engine Components\DAL;C:\Program Files\Intel\Intel(R) Management Engine Components\DAL;C:\Program Files (x86)\Intel\Intel(R) Management Engine Components\IPT;C:\Program Files\Intel\Intel(R) Management Engine Components\IPT;C:\Program Files\Java\jdk1.8.0_101\bin;D:\dev\apache-maven-2.2.1\bin;%AXIS2_HOME\bin;C:\Program Files (x86)\Skype\Phone\;C:\Program Files\Git\cmd; D:\dev\sqlite-tools-win32-x86-3210000;;C:\Program Files\Docker Toolbox;D:\dev\eclipse;;., surefire.test.class.path=D:\dev\Spring Projects\Tim Buchlka\bookstore1\target\test-classes;D:\dev\Spring Projects\Tim Buchlka\bookstore1\target\classes;C:\Users\oleksandr.kydiuk\.m2\repository\org\springframework\boot\spring-boot-starter-web\1.5.8.RELEASE\spring-boot-starter-web-1.5.8.RELEASE.jar;C:\Users\oleksandr.kydiuk\.m2\repository\org\springframework\boot\spring-boot-starter\1.5.8.RELEASE\spring-boot-starter-1.5.8.RELEASE.jar;C:\Users\oleksandr.kydiuk\.m2\repository\org\springframework\boot\spring-boot\1.5.8.RELEASE\spring-boot-1.5.8.RELEASE.jar;C:\Users\oleksandr.kydiuk\.m2\repository\org\springframework\boot\spring-boot-autoconfigure\1.5.8.RELEASE\spring-boot-autoconfigure-1.5.8.RELEASE.jar;C:\Users\oleksandr.kydiuk\.m2\repository\org\springframework\boot\spring-boot-starter-logging\1.5.8.RELEASE\spring-boot-starter-logging-1.5.8.RELEASE.jar;C:\Users\oleksandr.kydiuk\.m2\repository\ch\qos\logback\logback-classic\1.1.11\logback-classic-1.1.11.jar;C:\Users\oleksandr.kydiuk\.m2\repository\ch\qos\logback\logback-core\1.1.11\logback-core-1.1.11.jar;C:\Users\oleksandr.kydiuk\.m2\repository\org\slf4j\jul-to-slf4j\1.7.25\jul-to-slf4j-1.7.25.jar;C:\Users\oleksandr.kydiuk\.m2\repository\org\slf4j\log4j-over-slf4j\1.7.25\log4j-over-slf4j-1.7.25.jar;C:\Users\oleksandr.kydiuk\.m2\repository\org\yaml\snakeyaml\1.17\snakeyaml-1.17.jar;C:\Users\oleksandr.kydiuk\.m2\repository\org\springframework\boot\spring-boot-starter-tomcat\1.5.8.RELEASE\spring-boot-starter-tomcat-1.5.8.RELEASE.jar;C:\Users\oleksandr.kydiuk\.m2\repository\org\apache\tomcat\embed\tomcat-embed-core\8.5.23\tomcat-embed-core-8.5.23.jar;C:\Users\oleksandr.kydiuk\.m2\repository\org\apache\tomcat\tomcat-annotations-api\8.5.23\tomcat-annotations-api-8.5.23.jar;C:\Users\oleksandr.kydiuk\.m2\repository\org\apache\tomcat\embed\tomcat-embed-el\8.5.23\tomcat-embed-el-8.5.23.jar;C:\Users\oleksandr.kydiuk\.m2\repository\org\apache\tomcat\embed\tomcat-embed-websocket\8.5.23\tomcat-embed-websocket-8.5.23.jar;C:\Users\oleksandr.kydiuk\.m2\repository\org\hibernate\hibernate-validator\5.3.5.Final\hibernate-validator-5.3.5.Final.jar;C:\Users\oleksandr.kydiuk\.m2\repository\javax\validation\validation-api\1.1.0.Final\validation-api-1.1.0.Final.jar;C:\Users\oleksandr.kydiuk\.m2\repository\com\fasterxml\classmate\1.3.4\classmate-1.3.4.jar;C:\Users\oleksandr.kydiuk\.m2\repository\com\fasterxml\jackson\core\jackson-databind\2.8.10\jackson-databind-2.8.10.jar;C:\Users\oleksandr.kydiuk\.m2\repository\com\fasterxml\jackson\core\jackson-annotations\2.8.0\jackson-annotations-2.8.0.jar;C:\Users\oleksandr.kydiuk\.m2\repository\com\fasterxml\jackson\core\jackson-core\2.8.10\jackson-core-2.8.10.jar;C:\Users\oleksandr.kydiuk\.m2\repository\org\springframework\spring-web\4.3.12.RELEASE\spring-web-4.3.12.RELEASE.jar;C:\Users\oleksandr.kydiuk\.m2\repository\org\springframework\spring-beans\4.3.12.RELEASE\spring-beans-4.3.12.RELEASE.jar;C:\Users\oleksandr.kydiuk\.m2\repository\org\springframework\spring-context\4.3.12.RELEASE\spring-context-4.3.12.RELEASE.jar;C:\Users\oleksandr.kydiuk\.m2\repository\org\springframework\spring-webmvc\4.3.12.RELEASE\spring-webmvc-4.3.12.RELEASE.jar;C:\Users\oleksandr.kydiuk\.m2\repository\org\springframework\spring-expression\4.3.12.RELEASE\spring-expression-4.3.12.RELEASE.jar;C:\Users\oleksandr.kydiuk\.m2\repository\org\springframework\boot\spring-boot-starter-security\1.5.8.RELEASE\spring-boot-starter-security-1.5.8.RELEASE.jar;C:\Users\oleksandr.kydiuk\.m2\repository\org\springframework\spring-aop\4.3.12.RELEASE\spring-aop-4.3.12.RELEASE.jar;C:\Users\oleksandr.kydiuk\.m2\repository\org\springframework\security\spring-security-config\4.2.3.RELEASE\spring-security-config-4.2.3.RELEASE.jar;C:\Users\oleksandr.kydiuk\.m2\repository\org\springframework\security\spring-security-web\4.2.3.RELEASE\spring-security-web-4.2.3.RELEASE.jar;C:\Users\oleksandr.kydiuk\.m2\repository\org\springframework\boot\spring-boot-starter-thymeleaf\1.5.8.RELEASE\spring-boot-starter-thymeleaf-1.5.8.RELEASE.jar;C:\Users\oleksandr.kydiuk\.m2\repository\org\thymeleaf\thymeleaf-spring4\3.0.8.RELEASE\thymeleaf-spring4-3.0.8.RELEASE.jar;C:\Users\oleksandr.kydiuk\.m2\repository\org\thymeleaf\thymeleaf\3.0.8.RELEASE\thymeleaf-3.0.8.RELEASE.jar;C:\Users\oleksandr.kydiuk\.m2\repository\org\attoparser\attoparser\2.0.4.RELEASE\attoparser-2.0.4.RELEASE.jar;C:\Users\oleksandr.kydiuk\.m2\repository\org\unbescape\unbescape\1.1.5.RELEASE\unbescape-1.1.5.RELEASE.jar;C:\Users\oleksandr.kydiuk\.m2\repository\nz\net\ultraq\thymeleaf\thymeleaf-layout-dialect\2.2.2\thymeleaf-layout-dialect-2.2.2.jar;C:\Users\oleksandr.kydiuk\.m2\repository\nz\net\ultraq\thymeleaf\thymeleaf-expression-processor\1.1.3\thymeleaf-expression-processor-1.1.3.jar;C:\Users\oleksandr.kydiuk\.m2\repository\org\codehaus\groovy\groovy\2.4.12\groovy-2.4.12.jar;C:\Users\oleksandr.kydiuk\.m2\repository\org\thymeleaf\extras\thymeleaf-extras-springsecurity4\3.0.2.RELEASE\thymeleaf-extras-springsecurity4-3.0.2.RELEASE.jar;C:\Users\oleksandr.kydiuk\.m2\repository\org\slf4j\slf4j-api\1.7.25\slf4j-api-1.7.25.jar;C:\Users\oleksandr.kydiuk\.m2\repository\com\h2database\h2\1.4.196\h2-1.4.196.jar;C:\Users\oleksandr.kydiuk\.m2\repository\mysql\mysql-connector-java\5.1.44\mysql-connector-java-5.1.44.jar;C:\Users\oleksandr.kydiuk\.m2\repository\org\projectlombok\lombok\1.16.18\lombok-1.16.18.jar;C:\Users\oleksandr.kydiuk\.m2\repository\org\webjars\bootstrap\3.3.7\bootstrap-3.3.7.jar;C:\Users\oleksandr.kydiuk\.m2\repository\org\webjars\jquery\3.2.1\jquery-3.2.1.jar;C:\Users\oleksandr.kydiuk\.m2\repository\org\springframework\boot\spring-boot-starter-test\1.5.8.RELEASE\spring-boot-starter-test-1.5.8.RELEASE.jar;C:\Users\oleksandr.kydiuk\.m2\repository\org\springframework\boot\spring-boot-test\1.5.8.RELEASE\spring-boot-test-1.5.8.RELEASE.jar;C:\Users\oleksandr.kydiuk\.m2\repository\org\springframework\boot\spring-boot-test-autoconfigure\1.5.8.RELEASE\spring-boot-test-autoconfigure-1.5.8.RELEASE.jar;C:\Users\oleksandr.kydiuk\.m2\repository\com\jayway\jsonpath\json-path\2.2.0\json-path-2.2.0.jar;C:\Users\oleksandr.kydiuk\.m2\repository\net\minidev\json-smart\2.2.1\json-smart-2.2.1.jar;C:\Users\oleksandr.kydiuk\.m2\repository\net\minidev\accessors-smart\1.1\accessors-smart-1.1.jar;C:\Users\oleksandr.kydiuk\.m2\repository\org\ow2\asm\asm\5.0.3\asm-5.0.3.jar;C:\Users\oleksandr.kydiuk\.m2\repository\junit\junit\4.12\junit-4.12.jar;C:\Users\oleksandr.kydiuk\.m2\repository\org\assertj\assertj-core\2.6.0\assertj-core-2.6.0.jar;C:\Users\oleksandr.kydiuk\.m2\repository\org\mockito\mockito-core\1.10.19\mockito-core-1.10.19.jar;C:\Users\oleksandr.kydiuk\.m2\repository\org\objenesis\objenesis\2.1\objenesis-2.1.jar;C:\Users\oleksandr.kydiuk\.m2\repository\org\hamcrest\hamcrest-core\1.3\hamcrest-core-1.3.jar;C:\Users\oleksandr.kydiuk\.m2\repository\org\hamcrest\hamcrest-library\1.3\hamcrest-library-1.3.jar;C:\Users\oleksandr.kydiuk\.m2\repository\org\skyscreamer\jsonassert\1.4.0\jsonassert-1.4.0.jar;C:\Users\oleksandr.kydiuk\.m2\repository\com\vaadin\external\google\android-json\0.0.20131108.vaadin1\android-json-0.0.20131108.vaadin1.jar;C:\Users\oleksandr.kydiuk\.m2\repository\org\springframework\spring-core\4.3.12.RELEASE\spring-core-4.3.12.RELEASE.jar;C:\Users\oleksandr.kydiuk\.m2\repository\org\springframework\spring-test\4.3.12.RELEASE\spring-test-4.3.12.RELEASE.jar;C:\Users\oleksandr.kydiuk\.m2\repository\org\springframework\security\spring-security-test\4.2.3.RELEASE\spring-security-test-4.2.3.RELEASE.jar;C:\Users\oleksandr.kydiuk\.m2\repository\org\springframework\security\spring-security-core\4.2.3.RELEASE\spring-security-core-4.2.3.RELEASE.jar;C:\Users\oleksandr.kydiuk\.m2\repository\aopalliance\aopalliance\1.0\aopalliance-1.0.jar;C:\Users\oleksandr.kydiuk\.m2\repository\org\springframework\boot\spring-boot-starter-data-jpa\1.5.8.RELEASE\spring-boot-starter-data-jpa-1.5.8.RELEASE.jar;C:\Users\oleksandr.kydiuk\.m2\repository\org\springframework\boot\spring-boot-starter-aop\1.5.8.RELEASE\spring-boot-starter-aop-1.5.8.RELEASE.jar;C:\Users\oleksandr.kydiuk\.m2\repository\org\aspectj\aspectjweaver\1.8.11\aspectjweaver-1.8.11.jar;C:\Users\oleksandr.kydiuk\.m2\repository\org\springframework\boot\spring-boot-starter-jdbc\1.5.8.RELEASE\spring-boot-starter-jdbc-1.5.8.RELEASE.jar;C:\Users\oleksandr.kydiuk\.m2\repository\org\apache\tomcat\tomcat-jdbc\8.5.23\tomcat-jdbc-8.5.23.jar;C:\Users\oleksandr.kydiuk\.m2\repository\org\apache\tomcat\tomcat-juli\8.5.23\tomcat-juli-8.5.23.jar;C:\Users\oleksandr.kydiuk\.m2\repository\org\springframework\spring-jdbc\4.3.12.RELEASE\spring-jdbc-4.3.12.RELEASE.jar;C:\Users\oleksandr.kydiuk\.m2\repository\org\hibernate\hibernate-core\5.0.12.Final\hibernate-core-5.0.12.Final.jar;C:\Users\oleksandr.kydiuk\.m2\repository\org\hibernate\javax\persistence\hibernate-jpa-2.1-api\1.0.0.Final\hibernate-jpa-2.1-api-1.0.0.Final.jar;C:\Users\oleksandr.kydiuk\.m2\repository\org\javassist\javassist\3.21.0-GA\javassist-3.21.0-GA.jar;C:\Users\oleksandr.kydiuk\.m2\repository\antlr\antlr\2.7.7\antlr-2.7.7.jar;C:\Users\oleksandr.kydiuk\.m2\repository\org\jboss\jandex\2.0.0.Final\jandex-2.0.0.Final.jar;C:\Users\oleksandr.kydiuk\.m2\repository\dom4j\dom4j\1.6.1\dom4j-1.6.1.jar;C:\Users\oleksandr.kydiuk\.m2\repository\org\hibernate\common\hibernate-commons-annotations\5.0.1.Final\hibernate-commons-annotations-5.0.1.Final.jar;C:\Users\oleksandr.kydiuk\.m2\repository\org\hibernate\hibernate-entitymanager\5.0.12.Final\hibernate-entitymanager-5.0.12.Final.jar;C:\Users\oleksandr.kydiuk\.m2\repository\javax\transaction\javax.transaction-api\1.2\javax.transaction-api-1.2.jar;C:\Users\oleksandr.kydiuk\.m2\repository\org\springframework\data\spring-data-jpa\1.11.8.RELEASE\spring-data-jpa-1.11.8.RELEASE.jar;C:\Users\oleksandr.kydiuk\.m2\repository\org\springframework\data\spring-data-commons\1.13.8.RELEASE\spring-data-commons-1.13.8.RELEASE.jar;C:\Users\oleksandr.kydiuk\.m2\repository\org\springframework\spring-orm\4.3.12.RELEASE\spring-orm-4.3.12.RELEASE.jar;C:\Users\oleksandr.kydiuk\.m2\repository\org\springframework\spring-tx\4.3.12.RELEASE\spring-tx-4.3.12.RELEASE.jar;C:\Users\oleksandr.kydiuk\.m2\repository\org\slf4j\jcl-over-slf4j\1.7.25\jcl-over-slf4j-1.7.25.jar;C:\Users\oleksandr.kydiuk\.m2\repository\org\springframework\spring-aspects\4.3.12.RELEASE\spring-aspects-4.3.12.RELEASE.jar;C:\Users\oleksandr.kydiuk\.m2\repository\org\hibernate\hibernate-jpamodelgen\5.0.12.Final\hibernate-jpamodelgen-5.0.12.Final.jar;C:\Users\oleksandr.kydiuk\.m2\repository\org\jboss\logging\jboss-logging\3.3.1.Final\jboss-logging-3.3.1.Final.jar;C:\Users\oleksandr.kydiuk\.m2\repository\org\mapstruct\mapstruct-jdk8\1.2.0.Final\mapstruct-jdk8-1.2.0.Final.jar;, java.specification.name=Java Platform API Specification, java.class.version=52.0, sun.management.compiler=HotSpot 64-Bit Tiered Compilers, os.version=6.1, user.home=C:\Users\oleksandr.kydiuk, user.timezone=Europe/Helsinki, java.awt.printerjob=sun.awt.windows.WPrinterJob, file.encoding=Cp1252, java.specification.version=1.8, java.class.path=D:\dev\Spring Projects\Tim Buchlka\bookstore1\target\test-classes;D:\dev\Spring Projects\Tim Buchlka\bookstore1\target\classes;C:\Users\oleksandr.kydiuk\.m2\repository\org\springframework\boot\spring-boot-starter-web\1.5.8.RELEASE\spring-boot-starter-web-1.5.8.RELEASE.jar;C:\Users\oleksandr.kydiuk\.m2\repository\org\springframework\boot\spring-boot-starter\1.5.8.RELEASE\spring-boot-starter-1.5.8.RELEASE.jar;C:\Users\oleksandr.kydiuk\.m2\repository\org\springframework\boot\spring-boot\1.5.8.RELEASE\spring-boot-1.5.8.RELEASE.jar;C:\Users\oleksandr.kydiuk\.m2\repository\org\springframework\boot\spring-boot-autoconfigure\1.5.8.RELEASE\spring-boot-autoconfigure-1.5.8.RELEASE.jar;C:\Users\oleksandr.kydiuk\.m2\repository\org\springframework\boot\spring-boot-starter-logging\1.5.8.RELEASE\spring-boot-starter-logging-1.5.8.RELEASE.jar;C:\Users\oleksandr.kydiuk\.m2\repository\ch\qos\logback\logback-classic\1.1.11\logback-classic-1.1.11.jar;C:\Users\oleksandr.kydiuk\.m2\repository\ch\qos\logback\logback-core\1.1.11\logback-core-1.1.11.jar;C:\Users\oleksandr.kydiuk\.m2\repository\org\slf4j\jul-to-slf4j\1.7.25\jul-to-slf4j-1.7.25.jar;C:\Users\oleksandr.kydiuk\.m2\repository\org\slf4j\log4j-over-slf4j\1.7.25\log4j-over-slf4j-1.7.25.jar;C:\Users\oleksandr.kydiuk\.m2\repository\org\yaml\snakeyaml\1.17\snakeyaml-1.17.jar;C:\Users\oleksandr.kydiuk\.m2\repository\org\springframework\boot\spring-boot-starter-tomcat\1.5.8.RELEASE\spring-boot-starter-tomcat-1.5.8.RELEASE.jar;C:\Users\oleksandr.kydiuk\.m2\repository\org\apache\tomcat\embed\tomcat-embed-core\8.5.23\tomcat-embed-core-8.5.23.jar;C:\Users\oleksandr.kydiuk\.m2\repository\org\apache\tomcat\tomcat-annotations-api\8.5.23\tomcat-annotations-api-8.5.23.jar;C:\Users\oleksandr.kydiuk\.m2\repository\org\apache\tomcat\embed\tomcat-embed-el\8.5.23\tomcat-embed-el-8.5.23.jar;C:\Users\oleksandr.kydiuk\.m2\repository\org\apache\tomcat\embed\tomcat-embed-websocket\8.5.23\tomcat-embed-websocket-8.5.23.jar;C:\Users\oleksandr.kydiuk\.m2\repository\org\hibernate\hibernate-validator\5.3.5.Final\hibernate-validator-5.3.5.Final.jar;C:\Users\oleksandr.kydiuk\.m2\repository\javax\validation\validation-api\1.1.0.Final\validation-api-1.1.0.Final.jar;C:\Users\oleksandr.kydiuk\.m2\repository\com\fasterxml\classmate\1.3.4\classmate-1.3.4.jar;C:\Users\oleksandr.kydiuk\.m2\repository\com\fasterxml\jackson\core\jackson-databind\2.8.10\jackson-databind-2.8.10.jar;C:\Users\oleksandr.kydiuk\.m2\repository\com\fasterxml\jackson\core\jackson-annotations\2.8.0\jackson-annotations-2.8.0.jar;C:\Users\oleksandr.kydiuk\.m2\repository\com\fasterxml\jackson\core\jackson-core\2.8.10\jackson-core-2.8.10.jar;C:\Users\oleksandr.kydiuk\.m2\repository\org\springframework\spring-web\4.3.12.RELEASE\spring-web-4.3.12.RELEASE.jar;C:\Users\oleksandr.kydiuk\.m2\repository\org\springframework\spring-beans\4.3.12.RELEASE\spring-beans-4.3.12.RELEASE.jar;C:\Users\oleksandr.kydiuk\.m2\repository\org\springframework\spring-context\4.3.12.RELEASE\spring-context-4.3.12.RELEASE.jar;C:\Users\oleksandr.kydiuk\.m2\repository\org\springframework\spring-webmvc\4.3.12.RELEASE\spring-webmvc-4.3.12.RELEASE.jar;C:\Users\oleksandr.kydiuk\.m2\repository\org\springframework\spring-expression\4.3.12.RELEASE\spring-expression-4.3.12.RELEASE.jar;C:\Users\oleksandr.kydiuk\.m2\repository\org\springframework\boot\spring-boot-starter-security\1.5.8.RELEASE\spring-boot-starter-security-1.5.8.RELEASE.jar;C:\Users\oleksandr.kydiuk\.m2\repository\org\springframework\spring-aop\4.3.12.RELEASE\spring-aop-4.3.12.RELEASE.jar;C:\Users\oleksandr.kydiuk\.m2\repository\org\springframework\security\spring-security-config\4.2.3.RELEASE\spring-security-config-4.2.3.RELEASE.jar;C:\Users\oleksandr.kydiuk\.m2\repository\org\springframework\security\spring-security-web\4.2.3.RELEASE\spring-security-web-4.2.3.RELEASE.jar;C:\Users\oleksandr.kydiuk\.m2\repository\org\springframework\boot\spring-boot-starter-thymeleaf\1.5.8.RELEASE\spring-boot-starter-thymeleaf-1.5.8.RELEASE.jar;C:\Users\oleksandr.kydiuk\.m2\repository\org\thymeleaf\thymeleaf-spring4\3.0.8.RELEASE\thymeleaf-spring4-3.0.8.RELEASE.jar;C:\Users\oleksandr.kydiuk\.m2\repository\org\thymeleaf\thymeleaf\3.0.8.RELEASE\thymeleaf-3.0.8.RELEASE.jar;C:\Users\oleksandr.kydiuk\.m2\repository\org\attoparser\attoparser\2.0.4.RELEASE\attoparser-2.0.4.RELEASE.jar;C:\Users\oleksandr.kydiuk\.m2\repository\org\unbescape\unbescape\1.1.5.RELEASE\unbescape-1.1.5.RELEASE.jar;C:\Users\oleksandr.kydiuk\.m2\repository\nz\net\ultraq\thymeleaf\thymeleaf-layout-dialect\2.2.2\thymeleaf-layout-dialect-2.2.2.jar;C:\Users\oleksandr.kydiuk\.m2\repository\nz\net\ultraq\thymeleaf\thymeleaf-expression-processor\1.1.3\thymeleaf-expression-processor-1.1.3.jar;C:\Users\oleksandr.kydiuk\.m2\repository\org\codehaus\groovy\groovy\2.4.12\groovy-2.4.12.jar;C:\Users\oleksandr.kydiuk\.m2\repository\org\thymeleaf\extras\thymeleaf-extras-springsecurity4\3.0.2.RELEASE\thymeleaf-extras-springsecurity4-3.0.2.RELEASE.jar;C:\Users\oleksandr.kydiuk\.m2\repository\org\slf4j\slf4j-api\1.7.25\slf4j-api-1.7.25.jar;C:\Users\oleksandr.kydiuk\.m2\repository\com\h2database\h2\1.4.196\h2-1.4.196.jar;C:\Users\oleksandr.kydiuk\.m2\repository\mysql\mysql-connector-java\5.1.44\mysql-connector-java-5.1.44.jar;C:\Users\oleksandr.kydiuk\.m2\repository\org\projectlombok\lombok\1.16.18\lombok-1.16.18.jar;C:\Users\oleksandr.kydiuk\.m2\repository\org\webjars\bootstrap\3.3.7\bootstrap-3.3.7.jar;C:\Users\oleksandr.kydiuk\.m2\repository\org\webjars\jquery\3.2.1\jquery-3.2.1.jar;C:\Users\oleksandr.kydiuk\.m2\repository\org\springframework\boot\spring-boot-starter-test\1.5.8.RELEASE\spring-boot-starter-test-1.5.8.RELEASE.jar;C:\Users\oleksandr.kydiuk\.m2\repository\org\springframework\boot\spring-boot-test\1.5.8.RELEASE\spring-boot-test-1.5.8.RELEASE.jar;C:\Users\oleksandr.kydiuk\.m2\repository\org\springframework\boot\spring-boot-test-autoconfigure\1.5.8.RELEASE\spring-boot-test-autoconfigure-1.5.8.RELEASE.jar;C:\Users\oleksandr.kydiuk\.m2\repository\com\jayway\jsonpath\json-path\2.2.0\json-path-2.2.0.jar;C:\Users\oleksandr.kydiuk\.m2\repository\net\minidev\json-smart\2.2.1\json-smart-2.2.1.jar;C:\Users\oleksandr.kydiuk\.m2\repository\net\minidev\accessors-smart\1.1\accessors-smart-1.1.jar;C:\Users\oleksandr.kydiuk\.m2\repository\org\ow2\asm\asm\5.0.3\asm-5.0.3.jar;C:\Users\oleksandr.kydiuk\.m2\repository\junit\junit\4.12\junit-4.12.jar;C:\Users\oleksandr.kydiuk\.m2\repository\org\assertj\assertj-core\2.6.0\assertj-core-2.6.0.jar;C:\Users\oleksandr.kydiuk\.m2\repository\org\mockito\mockito-core\1.10.19\mockito-core-1.10.19.jar;C:\Users\oleksandr.kydiuk\.m2\repository\org\objenesis\objenesis\2.1\objenesis-2.1.jar;C:\Users\oleksandr.kydiuk\.m2\repository\org\hamcrest\hamcrest-core\1.3\hamcrest-core-1.3.jar;C:\Users\oleksandr.kydiuk\.m2\repository\org\hamcrest\hamcrest-library\1.3\hamcrest-library-1.3.jar;C:\Users\oleksandr.kydiuk\.m2\repository\org\skyscreamer\jsonassert\1.4.0\jsonassert-1.4.0.jar;C:\Users\oleksandr.kydiuk\.m2\repository\com\vaadin\external\google\android-json\0.0.20131108.vaadin1\android-json-0.0.20131108.vaadin1.jar;C:\Users\oleksandr.kydiuk\.m2\repository\org\springframework\spring-core\4.3.12.RELEASE\spring-core-4.3.12.RELEASE.jar;C:\Users\oleksandr.kydiuk\.m2\repository\org\springframework\spring-test\4.3.12.RELEASE\spring-test-4.3.12.RELEASE.jar;C:\Users\oleksandr.kydiuk\.m2\repository\org\springframework\security\spring-security-test\4.2.3.RELEASE\spring-security-test-4.2.3.RELEASE.jar;C:\Users\oleksandr.kydiuk\.m2\repository\org\springframework\security\spring-security-core\4.2.3.RELEASE\spring-security-core-4.2.3.RELEASE.jar;C:\Users\oleksandr.kydiuk\.m2\repository\aopalliance\aopalliance\1.0\aopalliance-1.0.jar;C:\Users\oleksandr.kydiuk\.m2\repository\org\springframework\boot\spring-boot-starter-data-jpa\1.5.8.RELEASE\spring-boot-starter-data-jpa-1.5.8.RELEASE.jar;C:\Users\oleksandr.kydiuk\.m2\repository\org\springframework\boot\spring-boot-starter-aop\1.5.8.RELEASE\spring-boot-starter-aop-1.5.8.RELEASE.jar;C:\Users\oleksandr.kydiuk\.m2\repository\org\aspectj\aspectjweaver\1.8.11\aspectjweaver-1.8.11.jar;C:\Users\oleksandr.kydiuk\.m2\repository\org\springframework\boot\spring-boot-starter-jdbc\1.5.8.RELEASE\spring-boot-starter-jdbc-1.5.8.RELEASE.jar;C:\Users\oleksandr.kydiuk\.m2\repository\org\apache\tomcat\tomcat-jdbc\8.5.23\tomcat-jdbc-8.5.23.jar;C:\Users\oleksandr.kydiuk\.m2\repository\org\apache\tomcat\tomcat-juli\8.5.23\tomcat-juli-8.5.23.jar;C:\Users\oleksandr.kydiuk\.m2\repository\org\springframework\spring-jdbc\4.3.12.RELEASE\spring-jdbc-4.3.12.RELEASE.jar;C:\Users\oleksandr.kydiuk\.m2\repository\org\hibernate\hibernate-core\5.0.12.Final\hibernate-core-5.0.12.Final.jar;C:\Users\oleksandr.kydiuk\.m2\repository\org\hibernate\javax\persistence\hibernate-jpa-2.1-api\1.0.0.Final\hibernate-jpa-2.1-api-1.0.0.Final.jar;C:\Users\oleksandr.kydiuk\.m2\repository\org\javassist\javassist\3.21.0-GA\javassist-3.21.0-GA.jar;C:\Users\oleksandr.kydiuk\.m2\repository\antlr\antlr\2.7.7\antlr-2.7.7.jar;C:\Users\oleksandr.kydiuk\.m2\repository\org\jboss\jandex\2.0.0.Final\jandex-2.0.0.Final.jar;C:\Users\oleksandr.kydiuk\.m2\repository\dom4j\dom4j\1.6.1\dom4j-1.6.1.jar;C:\Users\oleksandr.kydiuk\.m2\repository\org\hibernate\common\hibernate-commons-annotations\5.0.1.Final\hibernate-commons-annotations-5.0.1.Final.jar;C:\Users\oleksandr.kydiuk\.m2\repository\org\hibernate\hibernate-entitymanager\5.0.12.Final\hibernate-entitymanager-5.0.12.Final.jar;C:\Users\oleksandr.kydiuk\.m2\repository\javax\transaction\javax.transaction-api\1.2\javax.transaction-api-1.2.jar;C:\Users\oleksandr.kydiuk\.m2\repository\org\springframework\data\spring-data-jpa\1.11.8.RELEASE\spring-data-jpa-1.11.8.RELEASE.jar;C:\Users\oleksandr.kydiuk\.m2\repository\org\springframework\data\spring-data-commons\1.13.8.RELEASE\spring-data-commons-1.13.8.RELEASE.jar;C:\Users\oleksandr.kydiuk\.m2\repository\org\springframework\spring-orm\4.3.12.RELEASE\spring-orm-4.3.12.RELEASE.jar;C:\Users\oleksandr.kydiuk\.m2\repository\org\springframework\spring-tx\4.3.12.RELEASE\spring-tx-4.3.12.RELEASE.jar;C:\Users\oleksandr.kydiuk\.m2\repository\org\slf4j\jcl-over-slf4j\1.7.25\jcl-over-slf4j-1.7.25.jar;C:\Users\oleksandr.kydiuk\.m2\repository\org\springframework\spring-aspects\4.3.12.RELEASE\spring-aspects-4.3.12.RELEASE.jar;C:\Users\oleksandr.kydiuk\.m2\repository\org\hibernate\hibernate-jpamodelgen\5.0.12.Final\hibernate-jpamodelgen-5.0.12.Final.jar;C:\Users\oleksandr.kydiuk\.m2\repository\org\jboss\logging\jboss-logging\3.3.1.Final\jboss-logging-3.3.1.Final.jar;C:\Users\oleksandr.kydiuk\.m2\repository\org\mapstruct\mapstruct-jdk8\1.2.0.Final\mapstruct-jdk8-1.2.0.Final.jar;, user.name=oleksandr.kydiuk, java.vm.specification.version=1.8, sun.java.command=D:\dev\Spring Projects\Tim Buchlka\bookstore1\target\surefire\surefirebooter2502491533568898903.jar D:\dev\Spring Projects\Tim Buchlka\bookstore1\target\surefire\surefire2787832241116940728tmp D:\dev\Spring Projects\Tim Buchlka\bookstore1\target\surefire\surefire_02995966587584003025tmp, java.home=C:\Program Files\Java\jdk1.8.0_101\jre, sun.arch.data.model=64, user.language=en, java.specification.vendor=Oracle Corporation, awt.toolkit=sun.awt.windows.WToolkit, java.vm.info=mixed mode, java.version=1.8.0_101, java.ext.dirs=C:\Program Files\Java\jdk1.8.0_101\jre\lib\ext;C:\Windows\Sun\Java\lib\ext, sun.boot.class.path=C:\Program Files\Java\jdk1.8.0_101\jre\lib\resources.jar;C:\Program Files\Java\jdk1.8.0_101\jre\lib\rt.jar;C:\Program Files\Java\jdk1.8.0_101\jre\lib\sunrsasign.jar;C:\Program Files\Java\jdk1.8.0_101\jre\lib\jsse.jar;C:\Program Files\Java\jdk1.8.0_101\jre\lib\jce.jar;C:\Program Files\Java\jdk1.8.0_101\jre\lib\charsets.jar;C:\Program Files\Java\jdk1.8.0_101\jre\lib\jfr.jar;C:\Program Files\Java\jdk1.8.0_101\jre\classes, java.vendor=Oracle Corporation, localRepository=C:\Users\oleksandr.kydiuk\.m2\repository, file.separator=\, java.vendor.url.bug=http://bugreport.sun.com/bugreport/, sun.io.unicode.encoding=UnicodeLittle, sun.cpu.endian=little, sun.desktop=windows, sun.cpu.isalist=amd64}}, SystemEnvironmentPropertySource@2092769598 {name='systemEnvironment', properties={PATH=C:/Program Files/Java/jre1.8.0_101/bin/server;C:/Program Files/Java/jre1.8.0_101/bin;C:/Program Files/Java/jre1.8.0_101/lib/amd64;C:\ProgramData\Oracle\Java\javapath;C:\Program Files (x86)\Intel\iCLS Client\;C:\Program Files\Intel\iCLS Client\;C:\Windows\system32;C:\Windows;C:\Windows\System32\Wbem;C:\Windows\System32\WindowsPowerShell\v1.0\;C:\Program Files (x86)\Intel\Intel(R) Management Engine Components\DAL;C:\Program Files\Intel\Intel(R) Management Engine Components\DAL;C:\Program Files (x86)\Intel\Intel(R) Management Engine Components\IPT;C:\Program Files\Intel\Intel(R) Management Engine Components\IPT;C:\Program Files\Java\jdk1.8.0_101\bin;D:\dev\apache-maven-2.2.1\bin;%AXIS2_HOME\bin;C:\Program Files (x86)\Skype\Phone\;C:\Program Files\Git\cmd; D:\dev\sqlite-tools-win32-x86-3210000;;C:\Program Files\Docker Toolbox;D:\dev\eclipse;, LOCALAPPDATA=C:\Users\oleksandr.kydiuk\AppData\Local, PROCESSOR_LEVEL=6, SYSTEMDRIVE=C:, COMMONPROGRAMFILES(X86)=C:\Program Files (x86)\Common Files, FP_NO_HOST_CHECK=NO, USERDOMAIN=SYNAPSE, LOGONSERVER=\\DC-KBP1-1, JAVA_HOME=C:\Program Files\Java\jdk1.8.0_101, PROMPT=$P$G, SESSIONNAME=Console, ALLUSERSPROFILE=C:\ProgramData, PROGRAMFILES(X86)=C:\Program Files (x86), PROCESSOR_ARCHITECTURE=AMD64, PROGRAMFILES=C:\Program Files, WINDOWS_TRACING_FLAGS=3, APPDATA=C:\Users\oleksandr.kydiuk\AppData\Roaming, PSMODULEPATH=C:\Windows\system32\WindowsPowerShell\v1.0\Modules\, PROGRAMW6432=C:\Program Files, AXIS2_HOME=D:\dev\axis2-1.7.4, PROGRAMDATA=C:\ProgramData, SYSTEMROOT=C:\Windows, USERNAME=oleksandr.kydiuk, USERDNSDOMAIN=SYNAPSE.COM, VBOX_MSI_INSTALL_PATH=C:\Program Files\Oracle\VirtualBox\, PATHEXT=.COM;.EXE;.BAT;.CMD;.VBS;.VBE;.JS;.JSE;.WSF;.WSH;.MSC, OS=Windows_NT, COMMONPROGRAMW6432=C:\Program Files\Common Files, COMPUTERNAME=KBP1-LHP-F31918, COMMONPROGRAMFILES=C:\Program Files\Common Files, COMSPEC=C:\Windows\system32\cmd.exe, PROCESSOR_REVISION=5e03, WINDIR=C:\Windows, =D:=D:\dev\Spring Projects\Tim Buchlka\bookstore1, HOMEPATH=\Users\oleksandr.kydiuk, TEMP=C:\Users\OLEKSA~1.KYD\AppData\Local\Temp, HOMEDRIVE=C:, PROCESSOR_IDENTIFIER=Intel64 Family 6 Model 94 Stepping 3, GenuineIntel, USERPROFILE=C:\Users\oleksandr.kydiuk, TMP=C:\Users\OLEKSA~1.KYD\AppData\Local\Temp, WINDOWS_TRACING_LOGFILE=C:\BVTBin\Tests\installpackage\csilogfile.log, M2_HOME=D:\dev\apache-maven-2.2.1, PUBLIC=C:\Users\Public, NUMBER_OF_PROCESSORS=4, =::=::\, DOCKER_TOOLBOX_INSTALL_PATH=C:\Program Files\Docker Toolbox}}]
15:58:24.674 [main] DEBUG org.springframework.core.io.support.PathMatchingResourcePatternResolver - Resolved classpath location [com/memorynotfound/spring/security/test/] to resources [URL [file:/D:/dev/Spring%20Projects/Tim%20Buchlka/bookstore1/target/test-classes/com/memorynotfound/spring/security/test/]]
15:58:24.674 [main] DEBUG org.springframework.core.io.support.PathMatchingResourcePatternResolver - Looking for matching resources in directory tree [D:\dev\Spring Projects\Tim Buchlka\bookstore1\target\test-classes\com\memorynotfound\spring\security\test]
15:58:24.674 [main] DEBUG org.springframework.core.io.support.PathMatchingResourcePatternResolver - Searching directory [D:\dev\Spring Projects\Tim Buchlka\bookstore1\target\test-classes\com\memorynotfound\spring\security\test] for files matching pattern [D:/dev/Spring Projects/Tim Buchlka/bookstore1/target/test-classes/com/memorynotfound/spring/security/test/*.class]
15:58:24.677 [main] DEBUG org.springframework.core.io.support.PathMatchingResourcePatternResolver - Resolved location pattern [classpath*:com/memorynotfound/spring/security/test/*.class] to resources [file [D:\dev\Spring Projects\Tim Buchlka\bookstore1\target\test-classes\com\memorynotfound\spring\security\test\HomeControllerApplicationTests.class]]
15:58:24.705 [main] DEBUG org.springframework.core.io.support.PathMatchingResourcePatternResolver - Resolved classpath location [com/memorynotfound/spring/security/] to resources [URL [file:/D:/dev/Spring%20Projects/Tim%20Buchlka/bookstore1/target/test-classes/com/memorynotfound/spring/security/]]
15:58:24.705 [main] DEBUG org.springframework.core.io.support.PathMatchingResourcePatternResolver - Looking for matching resources in directory tree [D:\dev\Spring Projects\Tim Buchlka\bookstore1\target\test-classes\com\memorynotfound\spring\security]
15:58:24.705 [main] DEBUG org.springframework.core.io.support.PathMatchingResourcePatternResolver - Searching directory [D:\dev\Spring Projects\Tim Buchlka\bookstore1\target\test-classes\com\memorynotfound\spring\security] for files matching pattern [D:/dev/Spring Projects/Tim Buchlka/bookstore1/target/test-classes/com/memorynotfound/spring/security/*.class]
15:58:24.706 [main] DEBUG org.springframework.core.io.support.PathMatchingResourcePatternResolver - Resolved location pattern [classpath*:com/memorynotfound/spring/security/*.class] to resources []
15:58:24.706 [main] DEBUG org.springframework.core.io.support.PathMatchingResourcePatternResolver - Resolved classpath location [com/memorynotfound/spring/] to resources [URL [file:/D:/dev/Spring%20Projects/Tim%20Buchlka/bookstore1/target/test-classes/com/memorynotfound/spring/]]
15:58:24.706 [main] DEBUG org.springframework.core.io.support.PathMatchingResourcePatternResolver - Looking for matching resources in directory tree [D:\dev\Spring Projects\Tim Buchlka\bookstore1\target\test-classes\com\memorynotfound\spring]
15:58:24.706 [main] DEBUG org.springframework.core.io.support.PathMatchingResourcePatternResolver - Searching directory [D:\dev\Spring Projects\Tim Buchlka\bookstore1\target\test-classes\com\memorynotfound\spring] for files matching pattern [D:/dev/Spring Projects/Tim Buchlka/bookstore1/target/test-classes/com/memorynotfound/spring/*.class]
15:58:24.707 [main] DEBUG org.springframework.core.io.support.PathMatchingResourcePatternResolver - Resolved location pattern [classpath*:com/memorynotfound/spring/*.class] to resources []
15:58:24.710 [main] DEBUG org.springframework.core.io.support.PathMatchingResourcePatternResolver - Resolved classpath location [com/memorynotfound/] to resources [URL [file:/D:/dev/Spring%20Projects/Tim%20Buchlka/bookstore1/target/test-classes/com/memorynotfound/]]
15:58:24.710 [main] DEBUG org.springframework.core.io.support.PathMatchingResourcePatternResolver - Looking for matching resources in directory tree [D:\dev\Spring Projects\Tim Buchlka\bookstore1\target\test-classes\com\memorynotfound]
15:58:24.710 [main] DEBUG org.springframework.core.io.support.PathMatchingResourcePatternResolver - Searching directory [D:\dev\Spring Projects\Tim Buchlka\bookstore1\target\test-classes\com\memorynotfound] for files matching pattern [D:/dev/Spring Projects/Tim Buchlka/bookstore1/target/test-classes/com/memorynotfound/*.class]
15:58:24.711 [main] DEBUG org.springframework.core.io.support.PathMatchingResourcePatternResolver - Resolved location pattern [classpath*:com/memorynotfound/*.class] to resources []
15:58:24.711 [main] DEBUG org.springframework.core.io.support.PathMatchingResourcePatternResolver - Resolved classpath location [com/] to resources [URL [file:/D:/dev/Spring%20Projects/Tim%20Buchlka/bookstore1/target/test-classes/com/], URL [file:/D:/dev/Spring%20Projects/Tim%20Buchlka/bookstore1/target/classes/com/], URL [jar:file:/C:/Users/oleksandr.kydiuk/.m2/repository/com/fasterxml/classmate/1.3.4/classmate-1.3.4.jar!/com/], URL [jar:file:/C:/Users/oleksandr.kydiuk/.m2/repository/com/fasterxml/jackson/core/jackson-databind/2.8.10/jackson-databind-2.8.10.jar!/com/], URL [jar:file:/C:/Users/oleksandr.kydiuk/.m2/repository/com/fasterxml/jackson/core/jackson-annotations/2.8.0/jackson-annotations-2.8.0.jar!/com/], URL [jar:file:/C:/Users/oleksandr.kydiuk/.m2/repository/com/fasterxml/jackson/core/jackson-core/2.8.10/jackson-core-2.8.10.jar!/com/], URL [jar:file:/C:/Users/oleksandr.kydiuk/.m2/repository/mysql/mysql-connector-java/5.1.44/mysql-connector-java-5.1.44.jar!/com/], URL [jar:file:/C:/Users/oleksandr.kydiuk/.m2/repository/org/projectlombok/lombok/1.16.18/lombok-1.16.18.jar!/com/], URL [jar:file:/C:/Users/oleksandr.kydiuk/.m2/repository/com/jayway/jsonpath/json-path/2.2.0/json-path-2.2.0.jar!/com/]]
15:58:24.712 [main] DEBUG org.springframework.core.io.support.PathMatchingResourcePatternResolver - Looking for matching resources in directory tree [D:\dev\Spring Projects\Tim Buchlka\bookstore1\target\test-classes\com]
15:58:24.712 [main] DEBUG org.springframework.core.io.support.PathMatchingResourcePatternResolver - Searching directory [D:\dev\Spring Projects\Tim Buchlka\bookstore1\target\test-classes\com] for files matching pattern [D:/dev/Spring Projects/Tim Buchlka/bookstore1/target/test-classes/com/*.class]
15:58:24.713 [main] DEBUG org.springframework.core.io.support.PathMatchingResourcePatternResolver - Looking for matching resources in directory tree [D:\dev\Spring Projects\Tim Buchlka\bookstore1\target\classes\com]
15:58:24.713 [main] DEBUG org.springframework.core.io.support.PathMatchingResourcePatternResolver - Searching directory [D:\dev\Spring Projects\Tim Buchlka\bookstore1\target\classes\com] for files matching pattern [D:/dev/Spring Projects/Tim Buchlka/bookstore1/target/classes/com/*.class]
15:58:24.715 [main] DEBUG org.springframework.core.io.support.PathMatchingResourcePatternResolver - Looking for matching resources in jar file [file:/C:/Users/oleksandr.kydiuk/.m2/repository/com/fasterxml/classmate/1.3.4/classmate-1.3.4.jar]
15:58:24.717 [main] DEBUG org.springframework.core.io.support.PathMatchingResourcePatternResolver - Looking for matching resources in jar file [file:/C:/Users/oleksandr.kydiuk/.m2/repository/com/fasterxml/jackson/core/jackson-databind/2.8.10/jackson-databind-2.8.10.jar]
15:58:24.724 [main] DEBUG org.springframework.core.io.support.PathMatchingResourcePatternResolver - Looking for matching resources in jar file [file:/C:/Users/oleksandr.kydiuk/.m2/repository/com/fasterxml/jackson/core/jackson-annotations/2.8.0/jackson-annotations-2.8.0.jar]
15:58:24.725 [main] DEBUG org.springframework.core.io.support.PathMatchingResourcePatternResolver - Looking for matching resources in jar file [file:/C:/Users/oleksandr.kydiuk/.m2/repository/com/fasterxml/jackson/core/jackson-core/2.8.10/jackson-core-2.8.10.jar]
15:58:24.727 [main] DEBUG org.springframework.core.io.support.PathMatchingResourcePatternResolver - Looking for matching resources in jar file [file:/C:/Users/oleksandr.kydiuk/.m2/repository/mysql/mysql-connector-java/5.1.44/mysql-connector-java-5.1.44.jar]
15:58:24.739 [main] DEBUG org.springframework.core.io.support.PathMatchingResourcePatternResolver - Looking for matching resources in jar file [file:/C:/Users/oleksandr.kydiuk/.m2/repository/org/projectlombok/lombok/1.16.18/lombok-1.16.18.jar]
15:58:24.743 [main] DEBUG org.springframework.core.io.support.PathMatchingResourcePatternResolver - Looking for matching resources in jar file [file:/C:/Users/oleksandr.kydiuk/.m2/repository/com/jayway/jsonpath/json-path/2.2.0/json-path-2.2.0.jar]
15:58:24.744 [main] DEBUG org.springframework.core.io.support.PathMatchingResourcePatternResolver - Resolved location pattern [classpath*:com/*.class] to resources []
15:58:24.750 [main] DEBUG org.springframework.test.context.junit4.SpringJUnit4ClassRunner - SpringJUnit4ClassRunner constructor called with [class com.memorynotfound.spring.security.test.HomeControllerApplicationTests]
15:58:24.750 [main] DEBUG org.springframework.test.context.BootstrapUtils - Instantiating CacheAwareContextLoaderDelegate from class [org.springframework.test.context.cache.DefaultCacheAwareContextLoaderDelegate]
15:58:24.750 [main] DEBUG org.springframework.test.context.BootstrapUtils - Instantiating BootstrapContext using constructor [public org.springframework.test.context.support.DefaultBootstrapContext(java.lang.Class,org.springframework.test.context.CacheAwareContextLoaderDelegate)]
15:58:24.751 [main] DEBUG org.springframework.test.context.BootstrapUtils - Instantiating TestContextBootstrapper for test class [com.memorynotfound.spring.security.test.HomeControllerApplicationTests] from class [org.springframework.boot.test.context.SpringBootTestContextBootstrapper]
15:58:24.752 [main] INFO org.springframework.boot.test.context.SpringBootTestContextBootstrapper - Neither @ContextConfiguration nor @ContextHierarchy found for test class [com.memorynotfound.spring.security.test.HomeControllerApplicationTests], using SpringBootContextLoader
15:58:24.753 [main] DEBUG org.springframework.test.context.support.AbstractContextLoader - Did not detect default resource location for test class [com.memorynotfound.spring.security.test.HomeControllerApplicationTests]: class path resource [com/memorynotfound/spring/security/test/HomeControllerApplicationTests-context.xml] does not exist
15:58:24.754 [main] DEBUG org.springframework.test.context.support.AbstractContextLoader - Did not detect default resource location for test class [com.memorynotfound.spring.security.test.HomeControllerApplicationTests]: class path resource [com/memorynotfound/spring/security/test/HomeControllerApplicationTestsContext.groovy] does not exist
15:58:24.755 [main] INFO org.springframework.test.context.support.AbstractContextLoader - Could not detect default resource locations for test class [com.memorynotfound.spring.security.test.HomeControllerApplicationTests]: no resource found for suffixes {-context.xml, Context.groovy}.
15:58:24.755 [main] INFO org.springframework.test.context.support.AnnotationConfigContextLoaderUtils - Could not detect default configuration classes for test class [com.memorynotfound.spring.security.test.HomeControllerApplicationTests]: HomeControllerApplicationTests does not declare any static, non-private, non-final, nested classes annotated with @Configuration.
15:58:24.772 [main] DEBUG org.springframework.test.context.support.ActiveProfilesUtils - Could not find an 'annotation declaring class' for annotation type [org.springframework.test.context.ActiveProfiles] and class [com.memorynotfound.spring.security.test.HomeControllerApplicationTests]
15:58:24.772 [main] DEBUG org.springframework.core.env.StandardEnvironment - Adding PropertySource 'systemProperties' with lowest search precedence
15:58:24.772 [main] DEBUG org.springframework.core.env.StandardEnvironment - Adding PropertySource 'systemEnvironment' with lowest search precedence
15:58:24.775 [main] DEBUG org.springframework.core.env.StandardEnvironment - Initialized StandardEnvironment with PropertySources [MapPropertySource@230528013 {name='systemProperties', properties={java.runtime.name=Java(TM) SE Runtime Environment, sun.boot.library.path=C:\Program Files\Java\jdk1.8.0_101\jre\bin, java.vm.version=25.101-b13, java.vm.vendor=Oracle Corporation, java.vendor.url=http://java.oracle.com/, path.separator=;, java.vm.name=Java HotSpot(TM) 64-Bit Server VM, file.encoding.pkg=sun.io, user.country=US, user.script=, sun.java.launcher=SUN_STANDARD, sun.os.patch.level=Service Pack 1, java.vm.specification.name=Java Virtual Machine Specification, user.dir=D:\dev\Spring Projects\Tim Buchlka\bookstore1, java.runtime.version=1.8.0_101-b13, basedir=D:\dev\Spring Projects\Tim Buchlka\bookstore1, java.awt.graphicsenv=sun.awt.Win32GraphicsEnvironment, java.endorsed.dirs=C:\Program Files\Java\jdk1.8.0_101\jre\lib\endorsed, os.arch=amd64, surefire.real.class.path=D:\dev\Spring Projects\Tim Buchlka\bookstore1\target\surefire\surefirebooter2502491533568898903.jar, java.io.tmpdir=C:\Users\OLEKSA~1.KYD\AppData\Local\Temp\, line.separator=
, java.vm.specification.vendor=Oracle Corporation, user.variant=, os.name=Windows 7, sun.jnu.encoding=Cp1252, java.library.path=C:\Program Files\Java\jdk1.8.0_101\jre\bin;C:\Windows\Sun\Java\bin;C:\Windows\system32;C:\Windows;C:/Program Files/Java/jre1.8.0_101/bin/server;C:/Program Files/Java/jre1.8.0_101/bin;C:/Program Files/Java/jre1.8.0_101/lib/amd64;C:\ProgramData\Oracle\Java\javapath;C:\Program Files (x86)\Intel\iCLS Client\;C:\Program Files\Intel\iCLS Client\;C:\Windows\system32;C:\Windows;C:\Windows\System32\Wbem;C:\Windows\System32\WindowsPowerShell\v1.0\;C:\Program Files (x86)\Intel\Intel(R) Management Engine Components\DAL;C:\Program Files\Intel\Intel(R) Management Engine Components\DAL;C:\Program Files (x86)\Intel\Intel(R) Management Engine Components\IPT;C:\Program Files\Intel\Intel(R) Management Engine Components\IPT;C:\Program Files\Java\jdk1.8.0_101\bin;D:\dev\apache-maven-2.2.1\bin;%AXIS2_HOME\bin;C:\Program Files (x86)\Skype\Phone\;C:\Program Files\Git\cmd; D:\dev\sqlite-tools-win32-x86-3210000;;C:\Program Files\Docker Toolbox;D:\dev\eclipse;;., surefire.test.class.path=D:\dev\Spring Projects\Tim Buchlka\bookstore1\target\test-classes;D:\dev\Spring Projects\Tim Buchlka\bookstore1\target\classes;C:\Users\oleksandr.kydiuk\.m2\repository\org\springframework\boot\spring-boot-starter-web\1.5.8.RELEASE\spring-boot-starter-web-1.5.8.RELEASE.jar;C:\Users\oleksandr.kydiuk\.m2\repository\org\springframework\boot\spring-boot-starter\1.5.8.RELEASE\spring-boot-starter-1.5.8.RELEASE.jar;C:\Users\oleksandr.kydiuk\.m2\repository\org\springframework\boot\spring-boot\1.5.8.RELEASE\spring-boot-1.5.8.RELEASE.jar;C:\Users\oleksandr.kydiuk\.m2\repository\org\springframework\boot\spring-boot-autoconfigure\1.5.8.RELEASE\spring-boot-autoconfigure-1.5.8.RELEASE.jar;C:\Users\oleksandr.kydiuk\.m2\repository\org\springframework\boot\spring-boot-starter-logging\1.5.8.RELEASE\spring-boot-starter-logging-1.5.8.RELEASE.jar;C:\Users\oleksandr.kydiuk\.m2\repository\ch\qos\logback\logback-classic\1.1.11\logback-classic-1.1.11.jar;C:\Users\oleksandr.kydiuk\.m2\repository\ch\qos\logback\logback-core\1.1.11\logback-core-1.1.11.jar;C:\Users\oleksandr.kydiuk\.m2\repository\org\slf4j\jul-to-slf4j\1.7.25\jul-to-slf4j-1.7.25.jar;C:\Users\oleksandr.kydiuk\.m2\repository\org\slf4j\log4j-over-slf4j\1.7.25\log4j-over-slf4j-1.7.25.jar;C:\Users\oleksandr.kydiuk\.m2\repository\org\yaml\snakeyaml\1.17\snakeyaml-1.17.jar;C:\Users\oleksandr.kydiuk\.m2\repository\org\springframework\boot\spring-boot-starter-tomcat\1.5.8.RELEASE\spring-boot-starter-tomcat-1.5.8.RELEASE.jar;C:\Users\oleksandr.kydiuk\.m2\repository\org\apache\tomcat\embed\tomcat-embed-core\8.5.23\tomcat-embed-core-8.5.23.jar;C:\Users\oleksandr.kydiuk\.m2\repository\org\apache\tomcat\tomcat-annotations-api\8.5.23\tomcat-annotations-api-8.5.23.jar;C:\Users\oleksandr.kydiuk\.m2\repository\org\apache\tomcat\embed\tomcat-embed-el\8.5.23\tomcat-embed-el-8.5.23.jar;C:\Users\oleksandr.kydiuk\.m2\repository\org\apache\tomcat\embed\tomcat-embed-websocket\8.5.23\tomcat-embed-websocket-8.5.23.jar;C:\Users\oleksandr.kydiuk\.m2\repository\org\hibernate\hibernate-validator\5.3.5.Final\hibernate-validator-5.3.5.Final.jar;C:\Users\oleksandr.kydiuk\.m2\repository\javax\validation\validation-api\1.1.0.Final\validation-api-1.1.0.Final.jar;C:\Users\oleksandr.kydiuk\.m2\repository\com\fasterxml\classmate\1.3.4\classmate-1.3.4.jar;C:\Users\oleksandr.kydiuk\.m2\repository\com\fasterxml\jackson\core\jackson-databind\2.8.10\jackson-databind-2.8.10.jar;C:\Users\oleksandr.kydiuk\.m2\repository\com\fasterxml\jackson\core\jackson-annotations\2.8.0\jackson-annotations-2.8.0.jar;C:\Users\oleksandr.kydiuk\.m2\repository\com\fasterxml\jackson\core\jackson-core\2.8.10\jackson-core-2.8.10.jar;C:\Users\oleksandr.kydiuk\.m2\repository\org\springframework\spring-web\4.3.12.RELEASE\spring-web-4.3.12.RELEASE.jar;C:\Users\oleksandr.kydiuk\.m2\repository\org\springframework\spring-beans\4.3.12.RELEASE\spring-beans-4.3.12.RELEASE.jar;C:\Users\oleksandr.kydiuk\.m2\repository\org\springframework\spring-context\4.3.12.RELEASE\spring-context-4.3.12.RELEASE.jar;C:\Users\oleksandr.kydiuk\.m2\repository\org\springframework\spring-webmvc\4.3.12.RELEASE\spring-webmvc-4.3.12.RELEASE.jar;C:\Users\oleksandr.kydiuk\.m2\repository\org\springframework\spring-expression\4.3.12.RELEASE\spring-expression-4.3.12.RELEASE.jar;C:\Users\oleksandr.kydiuk\.m2\repository\org\springframework\boot\spring-boot-starter-security\1.5.8.RELEASE\spring-boot-starter-security-1.5.8.RELEASE.jar;C:\Users\oleksandr.kydiuk\.m2\repository\org\springframework\spring-aop\4.3.12.RELEASE\spring-aop-4.3.12.RELEASE.jar;C:\Users\oleksandr.kydiuk\.m2\repository\org\springframework\security\spring-security-config\4.2.3.RELEASE\spring-security-config-4.2.3.RELEASE.jar;C:\Users\oleksandr.kydiuk\.m2\repository\org\springframework\security\spring-security-web\4.2.3.RELEASE\spring-security-web-4.2.3.RELEASE.jar;C:\Users\oleksandr.kydiuk\.m2\repository\org\springframework\boot\spring-boot-starter-thymeleaf\1.5.8.RELEASE\spring-boot-starter-thymeleaf-1.5.8.RELEASE.jar;C:\Users\oleksandr.kydiuk\.m2\repository\org\thymeleaf\thymeleaf-spring4\3.0.8.RELEASE\thymeleaf-spring4-3.0.8.RELEASE.jar;C:\Users\oleksandr.kydiuk\.m2\repository\org\thymeleaf\thymeleaf\3.0.8.RELEASE\thymeleaf-3.0.8.RELEASE.jar;C:\Users\oleksandr.kydiuk\.m2\repository\org\attoparser\attoparser\2.0.4.RELEASE\attoparser-2.0.4.RELEASE.jar;C:\Users\oleksandr.kydiuk\.m2\repository\org\unbescape\unbescape\1.1.5.RELEASE\unbescape-1.1.5.RELEASE.jar;C:\Users\oleksandr.kydiuk\.m2\repository\nz\net\ultraq\thymeleaf\thymeleaf-layout-dialect\2.2.2\thymeleaf-layout-dialect-2.2.2.jar;C:\Users\oleksandr.kydiuk\.m2\repository\nz\net\ultraq\thymeleaf\thymeleaf-expression-processor\1.1.3\thymeleaf-expression-processor-1.1.3.jar;C:\Users\oleksandr.kydiuk\.m2\repository\org\codehaus\groovy\groovy\2.4.12\groovy-2.4.12.jar;C:\Users\oleksandr.kydiuk\.m2\repository\org\thymeleaf\extras\thymeleaf-extras-springsecurity4\3.0.2.RELEASE\thymeleaf-extras-springsecurity4-3.0.2.RELEASE.jar;C:\Users\oleksandr.kydiuk\.m2\repository\org\slf4j\slf4j-api\1.7.25\slf4j-api-1.7.25.jar;C:\Users\oleksandr.kydiuk\.m2\repository\com\h2database\h2\1.4.196\h2-1.4.196.jar;C:\Users\oleksandr.kydiuk\.m2\repository\mysql\mysql-connector-java\5.1.44\mysql-connector-java-5.1.44.jar;C:\Users\oleksandr.kydiuk\.m2\repository\org\projectlombok\lombok\1.16.18\lombok-1.16.18.jar;C:\Users\oleksandr.kydiuk\.m2\repository\org\webjars\bootstrap\3.3.7\bootstrap-3.3.7.jar;C:\Users\oleksandr.kydiuk\.m2\repository\org\webjars\jquery\3.2.1\jquery-3.2.1.jar;C:\Users\oleksandr.kydiuk\.m2\repository\org\springframework\boot\spring-boot-starter-test\1.5.8.RELEASE\spring-boot-starter-test-1.5.8.RELEASE.jar;C:\Users\oleksandr.kydiuk\.m2\repository\org\springframework\boot\spring-boot-test\1.5.8.RELEASE\spring-boot-test-1.5.8.RELEASE.jar;C:\Users\oleksandr.kydiuk\.m2\repository\org\springframework\boot\spring-boot-test-autoconfigure\1.5.8.RELEASE\spring-boot-test-autoconfigure-1.5.8.RELEASE.jar;C:\Users\oleksandr.kydiuk\.m2\repository\com\jayway\jsonpath\json-path\2.2.0\json-path-2.2.0.jar;C:\Users\oleksandr.kydiuk\.m2\repository\net\minidev\json-smart\2.2.1\json-smart-2.2.1.jar;C:\Users\oleksandr.kydiuk\.m2\repository\net\minidev\accessors-smart\1.1\accessors-smart-1.1.jar;C:\Users\oleksandr.kydiuk\.m2\repository\org\ow2\asm\asm\5.0.3\asm-5.0.3.jar;C:\Users\oleksandr.kydiuk\.m2\repository\junit\junit\4.12\junit-4.12.jar;C:\Users\oleksandr.kydiuk\.m2\repository\org\assertj\assertj-core\2.6.0\assertj-core-2.6.0.jar;C:\Users\oleksandr.kydiuk\.m2\repository\org\mockito\mockito-core\1.10.19\mockito-core-1.10.19.jar;C:\Users\oleksandr.kydiuk\.m2\repository\org\objenesis\objenesis\2.1\objenesis-2.1.jar;C:\Users\oleksandr.kydiuk\.m2\repository\org\hamcrest\hamcrest-core\1.3\hamcrest-core-1.3.jar;C:\Users\oleksandr.kydiuk\.m2\repository\org\hamcrest\hamcrest-library\1.3\hamcrest-library-1.3.jar;C:\Users\oleksandr.kydiuk\.m2\repository\org\skyscreamer\jsonassert\1.4.0\jsonassert-1.4.0.jar;C:\Users\oleksandr.kydiuk\.m2\repository\com\vaadin\external\google\android-json\0.0.20131108.vaadin1\android-json-0.0.20131108.vaadin1.jar;C:\Users\oleksandr.kydiuk\.m2\repository\org\springframework\spring-core\4.3.12.RELEASE\spring-core-4.3.12.RELEASE.jar;C:\Users\oleksandr.kydiuk\.m2\repository\org\springframework\spring-test\4.3.12.RELEASE\spring-test-4.3.12.RELEASE.jar;C:\Users\oleksandr.kydiuk\.m2\repository\org\springframework\security\spring-security-test\4.2.3.RELEASE\spring-security-test-4.2.3.RELEASE.jar;C:\Users\oleksandr.kydiuk\.m2\repository\org\springframework\security\spring-security-core\4.2.3.RELEASE\spring-security-core-4.2.3.RELEASE.jar;C:\Users\oleksandr.kydiuk\.m2\repository\aopalliance\aopalliance\1.0\aopalliance-1.0.jar;C:\Users\oleksandr.kydiuk\.m2\repository\org\springframework\boot\spring-boot-starter-data-jpa\1.5.8.RELEASE\spring-boot-starter-data-jpa-1.5.8.RELEASE.jar;C:\Users\oleksandr.kydiuk\.m2\repository\org\springframework\boot\spring-boot-starter-aop\1.5.8.RELEASE\spring-boot-starter-aop-1.5.8.RELEASE.jar;C:\Users\oleksandr.kydiuk\.m2\repository\org\aspectj\aspectjweaver\1.8.11\aspectjweaver-1.8.11.jar;C:\Users\oleksandr.kydiuk\.m2\repository\org\springframework\boot\spring-boot-starter-jdbc\1.5.8.RELEASE\spring-boot-starter-jdbc-1.5.8.RELEASE.jar;C:\Users\oleksandr.kydiuk\.m2\repository\org\apache\tomcat\tomcat-jdbc\8.5.23\tomcat-jdbc-8.5.23.jar;C:\Users\oleksandr.kydiuk\.m2\repository\org\apache\tomcat\tomcat-juli\8.5.23\tomcat-juli-8.5.23.jar;C:\Users\oleksandr.kydiuk\.m2\repository\org\springframework\spring-jdbc\4.3.12.RELEASE\spring-jdbc-4.3.12.RELEASE.jar;C:\Users\oleksandr.kydiuk\.m2\repository\org\hibernate\hibernate-core\5.0.12.Final\hibernate-core-5.0.12.Final.jar;C:\Users\oleksandr.kydiuk\.m2\repository\org\hibernate\javax\persistence\hibernate-jpa-2.1-api\1.0.0.Final\hibernate-jpa-2.1-api-1.0.0.Final.jar;C:\Users\oleksandr.kydiuk\.m2\repository\org\javassist\javassist\3.21.0-GA\javassist-3.21.0-GA.jar;C:\Users\oleksandr.kydiuk\.m2\repository\antlr\antlr\2.7.7\antlr-2.7.7.jar;C:\Users\oleksandr.kydiuk\.m2\repository\org\jboss\jandex\2.0.0.Final\jandex-2.0.0.Final.jar;C:\Users\oleksandr.kydiuk\.m2\repository\dom4j\dom4j\1.6.1\dom4j-1.6.1.jar;C:\Users\oleksandr.kydiuk\.m2\repository\org\hibernate\common\hibernate-commons-annotations\5.0.1.Final\hibernate-commons-annotations-5.0.1.Final.jar;C:\Users\oleksandr.kydiuk\.m2\repository\org\hibernate\hibernate-entitymanager\5.0.12.Final\hibernate-entitymanager-5.0.12.Final.jar;C:\Users\oleksandr.kydiuk\.m2\repository\javax\transaction\javax.transaction-api\1.2\javax.transaction-api-1.2.jar;C:\Users\oleksandr.kydiuk\.m2\repository\org\springframework\data\spring-data-jpa\1.11.8.RELEASE\spring-data-jpa-1.11.8.RELEASE.jar;C:\Users\oleksandr.kydiuk\.m2\repository\org\springframework\data\spring-data-commons\1.13.8.RELEASE\spring-data-commons-1.13.8.RELEASE.jar;C:\Users\oleksandr.kydiuk\.m2\repository\org\springframework\spring-orm\4.3.12.RELEASE\spring-orm-4.3.12.RELEASE.jar;C:\Users\oleksandr.kydiuk\.m2\repository\org\springframework\spring-tx\4.3.12.RELEASE\spring-tx-4.3.12.RELEASE.jar;C:\Users\oleksandr.kydiuk\.m2\repository\org\slf4j\jcl-over-slf4j\1.7.25\jcl-over-slf4j-1.7.25.jar;C:\Users\oleksandr.kydiuk\.m2\repository\org\springframework\spring-aspects\4.3.12.RELEASE\spring-aspects-4.3.12.RELEASE.jar;C:\Users\oleksandr.kydiuk\.m2\repository\org\hibernate\hibernate-jpamodelgen\5.0.12.Final\hibernate-jpamodelgen-5.0.12.Final.jar;C:\Users\oleksandr.kydiuk\.m2\repository\org\jboss\logging\jboss-logging\3.3.1.Final\jboss-logging-3.3.1.Final.jar;C:\Users\oleksandr.kydiuk\.m2\repository\org\mapstruct\mapstruct-jdk8\1.2.0.Final\mapstruct-jdk8-1.2.0.Final.jar;, java.specification.name=Java Platform API Specification, java.class.version=52.0, sun.management.compiler=HotSpot 64-Bit Tiered Compilers, os.version=6.1, user.home=C:\Users\oleksandr.kydiuk, user.timezone=Europe/Helsinki, java.awt.printerjob=sun.awt.windows.WPrinterJob, file.encoding=Cp1252, java.specification.version=1.8, java.class.path=D:\dev\Spring Projects\Tim Buchlka\bookstore1\target\test-classes;D:\dev\Spring Projects\Tim Buchlka\bookstore1\target\classes;C:\Users\oleksandr.kydiuk\.m2\repository\org\springframework\boot\spring-boot-starter-web\1.5.8.RELEASE\spring-boot-starter-web-1.5.8.RELEASE.jar;C:\Users\oleksandr.kydiuk\.m2\repository\org\springframework\boot\spring-boot-starter\1.5.8.RELEASE\spring-boot-starter-1.5.8.RELEASE.jar;C:\Users\oleksandr.kydiuk\.m2\repository\org\springframework\boot\spring-boot\1.5.8.RELEASE\spring-boot-1.5.8.RELEASE.jar;C:\Users\oleksandr.kydiuk\.m2\repository\org\springframework\boot\spring-boot-autoconfigure\1.5.8.RELEASE\spring-boot-autoconfigure-1.5.8.RELEASE.jar;C:\Users\oleksandr.kydiuk\.m2\repository\org\springframework\boot\spring-boot-starter-logging\1.5.8.RELEASE\spring-boot-starter-logging-1.5.8.RELEASE.jar;C:\Users\oleksandr.kydiuk\.m2\repository\ch\qos\logback\logback-classic\1.1.11\logback-classic-1.1.11.jar;C:\Users\oleksandr.kydiuk\.m2\repository\ch\qos\logback\logback-core\1.1.11\logback-core-1.1.11.jar;C:\Users\oleksandr.kydiuk\.m2\repository\org\slf4j\jul-to-slf4j\1.7.25\jul-to-slf4j-1.7.25.jar;C:\Users\oleksandr.kydiuk\.m2\repository\org\slf4j\log4j-over-slf4j\1.7.25\log4j-over-slf4j-1.7.25.jar;C:\Users\oleksandr.kydiuk\.m2\repository\org\yaml\snakeyaml\1.17\snakeyaml-1.17.jar;C:\Users\oleksandr.kydiuk\.m2\repository\org\springframework\boot\spring-boot-starter-tomcat\1.5.8.RELEASE\spring-boot-starter-tomcat-1.5.8.RELEASE.jar;C:\Users\oleksandr.kydiuk\.m2\repository\org\apache\tomcat\embed\tomcat-embed-core\8.5.23\tomcat-embed-core-8.5.23.jar;C:\Users\oleksandr.kydiuk\.m2\repository\org\apache\tomcat\tomcat-annotations-api\8.5.23\tomcat-annotations-api-8.5.23.jar;C:\Users\oleksandr.kydiuk\.m2\repository\org\apache\tomcat\embed\tomcat-embed-el\8.5.23\tomcat-embed-el-8.5.23.jar;C:\Users\oleksandr.kydiuk\.m2\repository\org\apache\tomcat\embed\tomcat-embed-websocket\8.5.23\tomcat-embed-websocket-8.5.23.jar;C:\Users\oleksandr.kydiuk\.m2\repository\org\hibernate\hibernate-validator\5.3.5.Final\hibernate-validator-5.3.5.Final.jar;C:\Users\oleksandr.kydiuk\.m2\repository\javax\validation\validation-api\1.1.0.Final\validation-api-1.1.0.Final.jar;C:\Users\oleksandr.kydiuk\.m2\repository\com\fasterxml\classmate\1.3.4\classmate-1.3.4.jar;C:\Users\oleksandr.kydiuk\.m2\repository\com\fasterxml\jackson\core\jackson-databind\2.8.10\jackson-databind-2.8.10.jar;C:\Users\oleksandr.kydiuk\.m2\repository\com\fasterxml\jackson\core\jackson-annotations\2.8.0\jackson-annotations-2.8.0.jar;C:\Users\oleksandr.kydiuk\.m2\repository\com\fasterxml\jackson\core\jackson-core\2.8.10\jackson-core-2.8.10.jar;C:\Users\oleksandr.kydiuk\.m2\repository\org\springframework\spring-web\4.3.12.RELEASE\spring-web-4.3.12.RELEASE.jar;C:\Users\oleksandr.kydiuk\.m2\repository\org\springframework\spring-beans\4.3.12.RELEASE\spring-beans-4.3.12.RELEASE.jar;C:\Users\oleksandr.kydiuk\.m2\repository\org\springframework\spring-context\4.3.12.RELEASE\spring-context-4.3.12.RELEASE.jar;C:\Users\oleksandr.kydiuk\.m2\repository\org\springframework\spring-webmvc\4.3.12.RELEASE\spring-webmvc-4.3.12.RELEASE.jar;C:\Users\oleksandr.kydiuk\.m2\repository\org\springframework\spring-expression\4.3.12.RELEASE\spring-expression-4.3.12.RELEASE.jar;C:\Users\oleksandr.kydiuk\.m2\repository\org\springframework\boot\spring-boot-starter-security\1.5.8.RELEASE\spring-boot-starter-security-1.5.8.RELEASE.jar;C:\Users\oleksandr.kydiuk\.m2\repository\org\springframework\spring-aop\4.3.12.RELEASE\spring-aop-4.3.12.RELEASE.jar;C:\Users\oleksandr.kydiuk\.m2\repository\org\springframework\security\spring-security-config\4.2.3.RELEASE\spring-security-config-4.2.3.RELEASE.jar;C:\Users\oleksandr.kydiuk\.m2\repository\org\springframework\security\spring-security-web\4.2.3.RELEASE\spring-security-web-4.2.3.RELEASE.jar;C:\Users\oleksandr.kydiuk\.m2\repository\org\springframework\boot\spring-boot-starter-thymeleaf\1.5.8.RELEASE\spring-boot-starter-thymeleaf-1.5.8.RELEASE.jar;C:\Users\oleksandr.kydiuk\.m2\repository\org\thymeleaf\thymeleaf-spring4\3.0.8.RELEASE\thymeleaf-spring4-3.0.8.RELEASE.jar;C:\Users\oleksandr.kydiuk\.m2\repository\org\thymeleaf\thymeleaf\3.0.8.RELEASE\thymeleaf-3.0.8.RELEASE.jar;C:\Users\oleksandr.kydiuk\.m2\repository\org\attoparser\attoparser\2.0.4.RELEASE\attoparser-2.0.4.RELEASE.jar;C:\Users\oleksandr.kydiuk\.m2\repository\org\unbescape\unbescape\1.1.5.RELEASE\unbescape-1.1.5.RELEASE.jar;C:\Users\oleksandr.kydiuk\.m2\repository\nz\net\ultraq\thymeleaf\thymeleaf-layout-dialect\2.2.2\thymeleaf-layout-dialect-2.2.2.jar;C:\Users\oleksandr.kydiuk\.m2\repository\nz\net\ultraq\thymeleaf\thymeleaf-expression-processor\1.1.3\thymeleaf-expression-processor-1.1.3.jar;C:\Users\oleksandr.kydiuk\.m2\repository\org\codehaus\groovy\groovy\2.4.12\groovy-2.4.12.jar;C:\Users\oleksandr.kydiuk\.m2\repository\org\thymeleaf\extras\thymeleaf-extras-springsecurity4\3.0.2.RELEASE\thymeleaf-extras-springsecurity4-3.0.2.RELEASE.jar;C:\Users\oleksandr.kydiuk\.m2\repository\org\slf4j\slf4j-api\1.7.25\slf4j-api-1.7.25.jar;C:\Users\oleksandr.kydiuk\.m2\repository\com\h2database\h2\1.4.196\h2-1.4.196.jar;C:\Users\oleksandr.kydiuk\.m2\repository\mysql\mysql-connector-java\5.1.44\mysql-connector-java-5.1.44.jar;C:\Users\oleksandr.kydiuk\.m2\repository\org\projectlombok\lombok\1.16.18\lombok-1.16.18.jar;C:\Users\oleksandr.kydiuk\.m2\repository\org\webjars\bootstrap\3.3.7\bootstrap-3.3.7.jar;C:\Users\oleksandr.kydiuk\.m2\repository\org\webjars\jquery\3.2.1\jquery-3.2.1.jar;C:\Users\oleksandr.kydiuk\.m2\repository\org\springframework\boot\spring-boot-starter-test\1.5.8.RELEASE\spring-boot-starter-test-1.5.8.RELEASE.jar;C:\Users\oleksandr.kydiuk\.m2\repository\org\springframework\boot\spring-boot-test\1.5.8.RELEASE\spring-boot-test-1.5.8.RELEASE.jar;C:\Users\oleksandr.kydiuk\.m2\repository\org\springframework\boot\spring-boot-test-autoconfigure\1.5.8.RELEASE\spring-boot-test-autoconfigure-1.5.8.RELEASE.jar;C:\Users\oleksandr.kydiuk\.m2\repository\com\jayway\jsonpath\json-path\2.2.0\json-path-2.2.0.jar;C:\Users\oleksandr.kydiuk\.m2\repository\net\minidev\json-smart\2.2.1\json-smart-2.2.1.jar;C:\Users\oleksandr.kydiuk\.m2\repository\net\minidev\accessors-smart\1.1\accessors-smart-1.1.jar;C:\Users\oleksandr.kydiuk\.m2\repository\org\ow2\asm\asm\5.0.3\asm-5.0.3.jar;C:\Users\oleksandr.kydiuk\.m2\repository\junit\junit\4.12\junit-4.12.jar;C:\Users\oleksandr.kydiuk\.m2\repository\org\assertj\assertj-core\2.6.0\assertj-core-2.6.0.jar;C:\Users\oleksandr.kydiuk\.m2\repository\org\mockito\mockito-core\1.10.19\mockito-core-1.10.19.jar;C:\Users\oleksandr.kydiuk\.m2\repository\org\objenesis\objenesis\2.1\objenesis-2.1.jar;C:\Users\oleksandr.kydiuk\.m2\repository\org\hamcrest\hamcrest-core\1.3\hamcrest-core-1.3.jar;C:\Users\oleksandr.kydiuk\.m2\repository\org\hamcrest\hamcrest-library\1.3\hamcrest-library-1.3.jar;C:\Users\oleksandr.kydiuk\.m2\repository\org\skyscreamer\jsonassert\1.4.0\jsonassert-1.4.0.jar;C:\Users\oleksandr.kydiuk\.m2\repository\com\vaadin\external\google\android-json\0.0.20131108.vaadin1\android-json-0.0.20131108.vaadin1.jar;C:\Users\oleksandr.kydiuk\.m2\repository\org\springframework\spring-core\4.3.12.RELEASE\spring-core-4.3.12.RELEASE.jar;C:\Users\oleksandr.kydiuk\.m2\repository\org\springframework\spring-test\4.3.12.RELEASE\spring-test-4.3.12.RELEASE.jar;C:\Users\oleksandr.kydiuk\.m2\repository\org\springframework\security\spring-security-test\4.2.3.RELEASE\spring-security-test-4.2.3.RELEASE.jar;C:\Users\oleksandr.kydiuk\.m2\repository\org\springframework\security\spring-security-core\4.2.3.RELEASE\spring-security-core-4.2.3.RELEASE.jar;C:\Users\oleksandr.kydiuk\.m2\repository\aopalliance\aopalliance\1.0\aopalliance-1.0.jar;C:\Users\oleksandr.kydiuk\.m2\repository\org\springframework\boot\spring-boot-starter-data-jpa\1.5.8.RELEASE\spring-boot-starter-data-jpa-1.5.8.RELEASE.jar;C:\Users\oleksandr.kydiuk\.m2\repository\org\springframework\boot\spring-boot-starter-aop\1.5.8.RELEASE\spring-boot-starter-aop-1.5.8.RELEASE.jar;C:\Users\oleksandr.kydiuk\.m2\repository\org\aspectj\aspectjweaver\1.8.11\aspectjweaver-1.8.11.jar;C:\Users\oleksandr.kydiuk\.m2\repository\org\springframework\boot\spring-boot-starter-jdbc\1.5.8.RELEASE\spring-boot-starter-jdbc-1.5.8.RELEASE.jar;C:\Users\oleksandr.kydiuk\.m2\repository\org\apache\tomcat\tomcat-jdbc\8.5.23\tomcat-jdbc-8.5.23.jar;C:\Users\oleksandr.kydiuk\.m2\repository\org\apache\tomcat\tomcat-juli\8.5.23\tomcat-juli-8.5.23.jar;C:\Users\oleksandr.kydiuk\.m2\repository\org\springframework\spring-jdbc\4.3.12.RELEASE\spring-jdbc-4.3.12.RELEASE.jar;C:\Users\oleksandr.kydiuk\.m2\repository\org\hibernate\hibernate-core\5.0.12.Final\hibernate-core-5.0.12.Final.jar;C:\Users\oleksandr.kydiuk\.m2\repository\org\hibernate\javax\persistence\hibernate-jpa-2.1-api\1.0.0.Final\hibernate-jpa-2.1-api-1.0.0.Final.jar;C:\Users\oleksandr.kydiuk\.m2\repository\org\javassist\javassist\3.21.0-GA\javassist-3.21.0-GA.jar;C:\Users\oleksandr.kydiuk\.m2\repository\antlr\antlr\2.7.7\antlr-2.7.7.jar;C:\Users\oleksandr.kydiuk\.m2\repository\org\jboss\jandex\2.0.0.Final\jandex-2.0.0.Final.jar;C:\Users\oleksandr.kydiuk\.m2\repository\dom4j\dom4j\1.6.1\dom4j-1.6.1.jar;C:\Users\oleksandr.kydiuk\.m2\repository\org\hibernate\common\hibernate-commons-annotations\5.0.1.Final\hibernate-commons-annotations-5.0.1.Final.jar;C:\Users\oleksandr.kydiuk\.m2\repository\org\hibernate\hibernate-entitymanager\5.0.12.Final\hibernate-entitymanager-5.0.12.Final.jar;C:\Users\oleksandr.kydiuk\.m2\repository\javax\transaction\javax.transaction-api\1.2\javax.transaction-api-1.2.jar;C:\Users\oleksandr.kydiuk\.m2\repository\org\springframework\data\spring-data-jpa\1.11.8.RELEASE\spring-data-jpa-1.11.8.RELEASE.jar;C:\Users\oleksandr.kydiuk\.m2\repository\org\springframework\data\spring-data-commons\1.13.8.RELEASE\spring-data-commons-1.13.8.RELEASE.jar;C:\Users\oleksandr.kydiuk\.m2\repository\org\springframework\spring-orm\4.3.12.RELEASE\spring-orm-4.3.12.RELEASE.jar;C:\Users\oleksandr.kydiuk\.m2\repository\org\springframework\spring-tx\4.3.12.RELEASE\spring-tx-4.3.12.RELEASE.jar;C:\Users\oleksandr.kydiuk\.m2\repository\org\slf4j\jcl-over-slf4j\1.7.25\jcl-over-slf4j-1.7.25.jar;C:\Users\oleksandr.kydiuk\.m2\repository\org\springframework\spring-aspects\4.3.12.RELEASE\spring-aspects-4.3.12.RELEASE.jar;C:\Users\oleksandr.kydiuk\.m2\repository\org\hibernate\hibernate-jpamodelgen\5.0.12.Final\hibernate-jpamodelgen-5.0.12.Final.jar;C:\Users\oleksandr.kydiuk\.m2\repository\org\jboss\logging\jboss-logging\3.3.1.Final\jboss-logging-3.3.1.Final.jar;C:\Users\oleksandr.kydiuk\.m2\repository\org\mapstruct\mapstruct-jdk8\1.2.0.Final\mapstruct-jdk8-1.2.0.Final.jar;, user.name=oleksandr.kydiuk, java.vm.specification.version=1.8, sun.java.command=D:\dev\Spring Projects\Tim Buchlka\bookstore1\target\surefire\surefirebooter2502491533568898903.jar D:\dev\Spring Projects\Tim Buchlka\bookstore1\target\surefire\surefire2787832241116940728tmp D:\dev\Spring Projects\Tim Buchlka\bookstore1\target\surefire\surefire_02995966587584003025tmp, java.home=C:\Program Files\Java\jdk1.8.0_101\jre, sun.arch.data.model=64, user.language=en, java.specification.vendor=Oracle Corporation, awt.toolkit=sun.awt.windows.WToolkit, java.vm.info=mixed mode, java.version=1.8.0_101, java.ext.dirs=C:\Program Files\Java\jdk1.8.0_101\jre\lib\ext;C:\Windows\Sun\Java\lib\ext, sun.boot.class.path=C:\Program Files\Java\jdk1.8.0_101\jre\lib\resources.jar;C:\Program Files\Java\jdk1.8.0_101\jre\lib\rt.jar;C:\Program Files\Java\jdk1.8.0_101\jre\lib\sunrsasign.jar;C:\Program Files\Java\jdk1.8.0_101\jre\lib\jsse.jar;C:\Program Files\Java\jdk1.8.0_101\jre\lib\jce.jar;C:\Program Files\Java\jdk1.8.0_101\jre\lib\charsets.jar;C:\Program Files\Java\jdk1.8.0_101\jre\lib\jfr.jar;C:\Program Files\Java\jdk1.8.0_101\jre\classes, java.vendor=Oracle Corporation, localRepository=C:\Users\oleksandr.kydiuk\.m2\repository, file.separator=\, java.vendor.url.bug=http://bugreport.sun.com/bugreport/, sun.io.unicode.encoding=UnicodeLittle, sun.cpu.endian=little, sun.desktop=windows, sun.cpu.isalist=amd64}}, SystemEnvironmentPropertySource@1909546776 {name='systemEnvironment', properties={PATH=C:/Program Files/Java/jre1.8.0_101/bin/server;C:/Program Files/Java/jre1.8.0_101/bin;C:/Program Files/Java/jre1.8.0_101/lib/amd64;C:\ProgramData\Oracle\Java\javapath;C:\Program Files (x86)\Intel\iCLS Client\;C:\Program Files\Intel\iCLS Client\;C:\Windows\system32;C:\Windows;C:\Windows\System32\Wbem;C:\Windows\System32\WindowsPowerShell\v1.0\;C:\Program Files (x86)\Intel\Intel(R) Management Engine Components\DAL;C:\Program Files\Intel\Intel(R) Management Engine Components\DAL;C:\Program Files (x86)\Intel\Intel(R) Management Engine Components\IPT;C:\Program Files\Intel\Intel(R) Management Engine Components\IPT;C:\Program Files\Java\jdk1.8.0_101\bin;D:\dev\apache-maven-2.2.1\bin;%AXIS2_HOME\bin;C:\Program Files (x86)\Skype\Phone\;C:\Program Files\Git\cmd; D:\dev\sqlite-tools-win32-x86-3210000;;C:\Program Files\Docker Toolbox;D:\dev\eclipse;, LOCALAPPDATA=C:\Users\oleksandr.kydiuk\AppData\Local, PROCESSOR_LEVEL=6, SYSTEMDRIVE=C:, COMMONPROGRAMFILES(X86)=C:\Program Files (x86)\Common Files, FP_NO_HOST_CHECK=NO, USERDOMAIN=SYNAPSE, LOGONSERVER=\\DC-KBP1-1, JAVA_HOME=C:\Program Files\Java\jdk1.8.0_101, PROMPT=$P$G, SESSIONNAME=Console, ALLUSERSPROFILE=C:\ProgramData, PROGRAMFILES(X86)=C:\Program Files (x86), PROCESSOR_ARCHITECTURE=AMD64, PROGRAMFILES=C:\Program Files, WINDOWS_TRACING_FLAGS=3, APPDATA=C:\Users\oleksandr.kydiuk\AppData\Roaming, PSMODULEPATH=C:\Windows\system32\WindowsPowerShell\v1.0\Modules\, PROGRAMW6432=C:\Program Files, AXIS2_HOME=D:\dev\axis2-1.7.4, PROGRAMDATA=C:\ProgramData, SYSTEMROOT=C:\Windows, USERNAME=oleksandr.kydiuk, USERDNSDOMAIN=SYNAPSE.COM, VBOX_MSI_INSTALL_PATH=C:\Program Files\Oracle\VirtualBox\, PATHEXT=.COM;.EXE;.BAT;.CMD;.VBS;.VBE;.JS;.JSE;.WSF;.WSH;.MSC, OS=Windows_NT, COMMONPROGRAMW6432=C:\Program Files\Common Files, COMPUTERNAME=KBP1-LHP-F31918, COMMONPROGRAMFILES=C:\Program Files\Common Files, COMSPEC=C:\Windows\system32\cmd.exe, PROCESSOR_REVISION=5e03, WINDIR=C:\Windows, =D:=D:\dev\Spring Projects\Tim Buchlka\bookstore1, HOMEPATH=\Users\oleksandr.kydiuk, TEMP=C:\Users\OLEKSA~1.KYD\AppData\Local\Temp, HOMEDRIVE=C:, PROCESSOR_IDENTIFIER=Intel64 Family 6 Model 94 Stepping 3, GenuineIntel, USERPROFILE=C:\Users\oleksandr.kydiuk, TMP=C:\Users\OLEKSA~1.KYD\AppData\Local\Temp, WINDOWS_TRACING_LOGFILE=C:\BVTBin\Tests\installpackage\csilogfile.log, M2_HOME=D:\dev\apache-maven-2.2.1, PUBLIC=C:\Users\Public, NUMBER_OF_PROCESSORS=4, =::=::\, DOCKER_TOOLBOX_INSTALL_PATH=C:\Program Files\Docker Toolbox}}]
15:58:24.779 [main] DEBUG org.springframework.core.io.support.PathMatchingResourcePatternResolver - Resolved classpath location [com/memorynotfound/spring/security/test/] to resources [URL [file:/D:/dev/Spring%20Projects/Tim%20Buchlka/bookstore1/target/test-classes/com/memorynotfound/spring/security/test/]]
15:58:24.779 [main] DEBUG org.springframework.core.io.support.PathMatchingResourcePatternResolver - Looking for matching resources in directory tree [D:\dev\Spring Projects\Tim Buchlka\bookstore1\target\test-classes\com\memorynotfound\spring\security\test]
15:58:24.779 [main] DEBUG org.springframework.core.io.support.PathMatchingResourcePatternResolver - Searching directory [D:\dev\Spring Projects\Tim Buchlka\bookstore1\target\test-classes\com\memorynotfound\spring\security\test] for files matching pattern [D:/dev/Spring Projects/Tim Buchlka/bookstore1/target/test-classes/com/memorynotfound/spring/security/test/*.class]
15:58:24.780 [main] DEBUG org.springframework.core.io.support.PathMatchingResourcePatternResolver - Resolved location pattern [classpath*:com/memorynotfound/spring/security/test/*.class] to resources [file [D:\dev\Spring Projects\Tim Buchlka\bookstore1\target\test-classes\com\memorynotfound\spring\security\test\HomeControllerApplicationTests.class]]
15:58:24.782 [main] DEBUG org.springframework.core.io.support.PathMatchingResourcePatternResolver - Resolved classpath location [com/memorynotfound/spring/security/] to resources [URL [file:/D:/dev/Spring%20Projects/Tim%20Buchlka/bookstore1/target/test-classes/com/memorynotfound/spring/security/]]
15:58:24.782 [main] DEBUG org.springframework.core.io.support.PathMatchingResourcePatternResolver - Looking for matching resources in directory tree [D:\dev\Spring Projects\Tim Buchlka\bookstore1\target\test-classes\com\memorynotfound\spring\security]
15:58:24.782 [main] DEBUG org.springframework.core.io.support.PathMatchingResourcePatternResolver - Searching directory [D:\dev\Spring Projects\Tim Buchlka\bookstore1\target\test-classes\com\memorynotfound\spring\security] for files matching pattern [D:/dev/Spring Projects/Tim Buchlka/bookstore1/target/test-classes/com/memorynotfound/spring/security/*.class]
15:58:24.783 [main] DEBUG org.springframework.core.io.support.PathMatchingResourcePatternResolver - Resolved location pattern [classpath*:com/memorynotfound/spring/security/*.class] to resources []
15:58:24.783 [main] DEBUG org.springframework.core.io.support.PathMatchingResourcePatternResolver - Resolved classpath location [com/memorynotfound/spring/] to resources [URL [file:/D:/dev/Spring%20Projects/Tim%20Buchlka/bookstore1/target/test-classes/com/memorynotfound/spring/]]
15:58:24.783 [main] DEBUG org.springframework.core.io.support.PathMatchingResourcePatternResolver - Looking for matching resources in directory tree [D:\dev\Spring Projects\Tim Buchlka\bookstore1\target\test-classes\com\memorynotfound\spring]
15:58:24.783 [main] DEBUG org.springframework.core.io.support.PathMatchingResourcePatternResolver - Searching directory [D:\dev\Spring Projects\Tim Buchlka\bookstore1\target\test-classes\com\memorynotfound\spring] for files matching pattern [D:/dev/Spring Projects/Tim Buchlka/bookstore1/target/test-classes/com/memorynotfound/spring/*.class]
15:58:24.784 [main] DEBUG org.springframework.core.io.support.PathMatchingResourcePatternResolver - Resolved location pattern [classpath*:com/memorynotfound/spring/*.class] to resources []
15:58:24.784 [main] DEBUG org.springframework.core.io.support.PathMatchingResourcePatternResolver - Resolved classpath location [com/memorynotfound/] to resources [URL [file:/D:/dev/Spring%20Projects/Tim%20Buchlka/bookstore1/target/test-classes/com/memorynotfound/]]
15:58:24.784 [main] DEBUG org.springframework.core.io.support.PathMatchingResourcePatternResolver - Looking for matching resources in directory tree [D:\dev\Spring Projects\Tim Buchlka\bookstore1\target\test-classes\com\memorynotfound]
15:58:24.784 [main] DEBUG org.springframework.core.io.support.PathMatchingResourcePatternResolver - Searching directory [D:\dev\Spring Projects\Tim Buchlka\bookstore1\target\test-classes\com\memorynotfound] for files matching pattern [D:/dev/Spring Projects/Tim Buchlka/bookstore1/target/test-classes/com/memorynotfound/*.class]
15:58:24.784 [main] DEBUG org.springframework.core.io.support.PathMatchingResourcePatternResolver - Resolved location pattern [classpath*:com/memorynotfound/*.class] to resources []
15:58:24.785 [main] DEBUG org.springframework.core.io.support.PathMatchingResourcePatternResolver - Resolved classpath location [com/] to resources [URL [file:/D:/dev/Spring%20Projects/Tim%20Buchlka/bookstore1/target/test-classes/com/], URL [file:/D:/dev/Spring%20Projects/Tim%20Buchlka/bookstore1/target/classes/com/], URL [jar:file:/C:/Users/oleksandr.kydiuk/.m2/repository/com/fasterxml/classmate/1.3.4/classmate-1.3.4.jar!/com/], URL [jar:file:/C:/Users/oleksandr.kydiuk/.m2/repository/com/fasterxml/jackson/core/jackson-databind/2.8.10/jackson-databind-2.8.10.jar!/com/], URL [jar:file:/C:/Users/oleksandr.kydiuk/.m2/repository/com/fasterxml/jackson/core/jackson-annotations/2.8.0/jackson-annotations-2.8.0.jar!/com/], URL [jar:file:/C:/Users/oleksandr.kydiuk/.m2/repository/com/fasterxml/jackson/core/jackson-core/2.8.10/jackson-core-2.8.10.jar!/com/], URL [jar:file:/C:/Users/oleksandr.kydiuk/.m2/repository/mysql/mysql-connector-java/5.1.44/mysql-connector-java-5.1.44.jar!/com/], URL [jar:file:/C:/Users/oleksandr.kydiuk/.m2/repository/org/projectlombok/lombok/1.16.18/lombok-1.16.18.jar!/com/], URL [jar:file:/C:/Users/oleksandr.kydiuk/.m2/repository/com/jayway/jsonpath/json-path/2.2.0/json-path-2.2.0.jar!/com/]]
15:58:24.785 [main] DEBUG org.springframework.core.io.support.PathMatchingResourcePatternResolver - Looking for matching resources in directory tree [D:\dev\Spring Projects\Tim Buchlka\bookstore1\target\test-classes\com]
15:58:24.785 [main] DEBUG org.springframework.core.io.support.PathMatchingResourcePatternResolver - Searching directory [D:\dev\Spring Projects\Tim Buchlka\bookstore1\target\test-classes\com] for files matching pattern [D:/dev/Spring Projects/Tim Buchlka/bookstore1/target/test-classes/com/*.class]
15:58:24.785 [main] DEBUG org.springframework.core.io.support.PathMatchingResourcePatternResolver - Looking for matching resources in directory tree [D:\dev\Spring Projects\Tim Buchlka\bookstore1\target\classes\com]
15:58:24.785 [main] DEBUG org.springframework.core.io.support.PathMatchingResourcePatternResolver - Searching directory [D:\dev\Spring Projects\Tim Buchlka\bookstore1\target\classes\com] for files matching pattern [D:/dev/Spring Projects/Tim Buchlka/bookstore1/target/classes/com/*.class]
15:58:24.786 [main] DEBUG org.springframework.core.io.support.PathMatchingResourcePatternResolver - Looking for matching resources in jar file [file:/C:/Users/oleksandr.kydiuk/.m2/repository/com/fasterxml/classmate/1.3.4/classmate-1.3.4.jar]
15:58:24.786 [main] DEBUG org.springframework.core.io.support.PathMatchingResourcePatternResolver - Looking for matching resources in jar file [file:/C:/Users/oleksandr.kydiuk/.m2/repository/com/fasterxml/jackson/core/jackson-databind/2.8.10/jackson-databind-2.8.10.jar]
15:58:24.788 [main] DEBUG org.springframework.core.io.support.PathMatchingResourcePatternResolver - Looking for matching resources in jar file [file:/C:/Users/oleksandr.kydiuk/.m2/repository/com/fasterxml/jackson/core/jackson-annotations/2.8.0/jackson-annotations-2.8.0.jar]
15:58:24.789 [main] DEBUG org.springframework.core.io.support.PathMatchingResourcePatternResolver - Looking for matching resources in jar file [file:/C:/Users/oleksandr.kydiuk/.m2/repository/com/fasterxml/jackson/core/jackson-core/2.8.10/jackson-core-2.8.10.jar]
15:58:24.789 [main] DEBUG org.springframework.core.io.support.PathMatchingResourcePatternResolver - Looking for matching resources in jar file [file:/C:/Users/oleksandr.kydiuk/.m2/repository/mysql/mysql-connector-java/5.1.44/mysql-connector-java-5.1.44.jar]
15:58:24.791 [main] DEBUG org.springframework.core.io.support.PathMatchingResourcePatternResolver - Looking for matching resources in jar file [file:/C:/Users/oleksandr.kydiuk/.m2/repository/org/projectlombok/lombok/1.16.18/lombok-1.16.18.jar]
15:58:24.792 [main] DEBUG org.springframework.core.io.support.PathMatchingResourcePatternResolver - Looking for matching resources in jar file [file:/C:/Users/oleksandr.kydiuk/.m2/repository/com/jayway/jsonpath/json-path/2.2.0/json-path-2.2.0.jar]
15:58:24.792 [main] DEBUG org.springframework.core.io.support.PathMatchingResourcePatternResolver - Resolved location pattern [classpath*:com/*.class] to resources []
]]></system-out>
  </testcase>
</testsuite>